This is pdfTeX, Version 3.141592653-2.6-1.40.24 (TeX Live 2022/Arch Linux) (preloaded format=pdflatex 2022.8.20)  15 SEP 2022 13:50
entering extended mode
 restricted \write18 enabled.
 file:line:error style messages enabled.
 %&-line parsing enabled.
**/home/amanks/Documents/S6/MP/fisatproject-master/miniproject_final.tex
(/home/amanks/Documents/S6/MP/fisatproject-master/miniproject_final.tex
LaTeX2e <2021-11-15> patch level 1
L3 programming layer <2022-04-10> (./fisatprojectfinal.cls

LaTeX Warning: You have requested document class `fisatprojectfinal',
               but the document class provides `mins'.

Document Class: mins 1/1/2015
(/usr/share/texmf-dist/tex/latex/base/report.cls
Document Class: report 2021/10/04 v1.4n Standard LaTeX document class
(/usr/share/texmf-dist/tex/latex/base/size12.clo
File: size12.clo 2021/10/04 v1.4n Standard LaTeX file (size option)
)
\c@part=\count185
\c@chapter=\count186
\c@section=\count187
\c@subsection=\count188
\c@subsubsection=\count189
\c@paragraph=\count190
\c@subparagraph=\count191
\c@figure=\count192
\c@table=\count193
\abovecaptionskip=\skip47
\belowcaptionskip=\skip48
\bibindent=\dimen138
) (/usr/share/texmf-dist/tex/latex/geometry/geometry.sty
Package: geometry 2020/01/02 v5.9 Page Geometry
 (/usr/share/texmf-dist/tex/latex/graphics/keyval.sty
Package: keyval 2014/10/28 v1.15 key=value parser (DPC)
\KV@toks@=\toks16
) (/usr/share/texmf-dist/tex/generic/iftex/ifvtex.sty
Package: ifvtex 2019/10/25 v1.7 ifvtex legacy package. Use iftex instead.
 (/usr/share/texmf-dist/tex/generic/iftex/iftex.sty
Package: iftex 2022/02/03 v1.0f TeX engine tests
))
\Gm@cnth=\count194
\Gm@cntv=\count195
\c@Gm@tempcnt=\count196
\Gm@bindingoffset=\dimen139
\Gm@wd@mp=\dimen140
\Gm@odd@mp=\dimen141
\Gm@even@mp=\dimen142
\Gm@layoutwidth=\dimen143
\Gm@layoutheight=\dimen144
\Gm@layouthoffset=\dimen145
\Gm@layoutvoffset=\dimen146
\Gm@dimlist=\toks17
) (/usr/share/texmf-dist/tex/latex/graphics/graphicx.sty
Package: graphicx 2021/09/16 v1.2d Enhanced LaTeX Graphics (DPC,SPQR)
 (/usr/share/texmf-dist/tex/latex/graphics/graphics.sty
Package: graphics 2021/03/04 v1.4d Standard LaTeX Graphics (DPC,SPQR)
 (/usr/share/texmf-dist/tex/latex/graphics/trig.sty
Package: trig 2021/08/11 v1.11 sin cos tan (DPC)
) (/usr/share/texmf-dist/tex/latex/graphics-cfg/graphics.cfg
File: graphics.cfg 2016/06/04 v1.11 sample graphics configuration
)
Package graphics Info: Driver file: pdftex.def on input line 107.
 (/usr/share/texmf-dist/tex/latex/graphics-def/pdftex.def
File: pdftex.def 2020/10/05 v1.2a Graphics/color driver for pdftex
))
\Gin@req@height=\dimen147
\Gin@req@width=\dimen148
) (/usr/share/texmf-dist/tex/latex/url/url.sty
\Urlmuskip=\muskip16
Package: url 2013/09/16  ver 3.4  Verb mode for urls, etc.
) (/usr/share/texmf-dist/tex/latex/fancyhdr/fancyhdr.sty
Package: fancyhdr 2021/01/28 v4.0.1 Extensive control of page headers and footers
\f@nch@headwidth=\skip49
\f@nch@O@elh=\skip50
\f@nch@O@erh=\skip51
\f@nch@O@olh=\skip52
\f@nch@O@orh=\skip53
\f@nch@O@elf=\skip54
\f@nch@O@erf=\skip55
\f@nch@O@olf=\skip56
\f@nch@O@orf=\skip57
) (/usr/share/texmf-dist/tex/latex/titlesec/titlesec.sty
Package: titlesec 2021/07/05 v2.14 Sectioning titles
\ttl@box=\box50
\beforetitleunit=\skip58
\aftertitleunit=\skip59
\ttl@plus=\dimen149
\ttl@minus=\dimen150
\ttl@toksa=\toks18
\titlewidth=\dimen151
\titlewidthlast=\dimen152
\titlewidthfirst=\dimen153
) (/usr/share/texmf-dist/tex/latex/listings/listings.sty
\lst@mode=\count197
\lst@gtempboxa=\box51
\lst@token=\toks19
\lst@length=\count198
\lst@currlwidth=\dimen154
\lst@column=\count199
\lst@pos=\count266
\lst@lostspace=\dimen155
\lst@width=\dimen156
\lst@newlines=\count267
\lst@lineno=\count268
\lst@maxwidth=\dimen157
 (/usr/share/texmf-dist/tex/latex/listings/lstmisc.sty
File: lstmisc.sty 2020/03/24 1.8d (Carsten Heinz)
\c@lstnumber=\count269
\lst@skipnumbers=\count270
\lst@framebox=\box52
) (/usr/share/texmf-dist/tex/latex/listings/listings.cfg
File: listings.cfg 2020/03/24 1.8d listings configuration
))
Package: listings 2020/03/24 1.8d (Carsten Heinz)
 (/usr/share/texmf-dist/tex/latex/appendix/appendix.sty
Package: appendix 2020/02/08 v1.2c extra appendix facilities
\c@@pps=\count271
\c@@ppsavesec=\count272
\c@@ppsaveapp=\count273
)) (/usr/share/texmf-dist/tex/latex/l3backend/l3backend-pdftex.def
File: l3backend-pdftex.def 2022-04-14 L3 backend support: PDF output (pdfTeX)
\l__color_backend_stack_int=\count274
\l__pdf_internal_box=\box53
) (./miniproject_final.aux)
\openout1 = `miniproject_final.aux'.

LaTeX Font Info:    Checking defaults for OML/cmm/m/it on input line 8.
LaTeX Font Info:    ... okay on input line 8.
LaTeX Font Info:    Checking defaults for OMS/cmsy/m/n on input line 8.
LaTeX Font Info:    ... okay on input line 8.
LaTeX Font Info:    Checking defaults for OT1/cmr/m/n on input line 8.
LaTeX Font Info:    ... okay on input line 8.
LaTeX Font Info:    Checking defaults for T1/cmr/m/n on input line 8.
LaTeX Font Info:    ... okay on input line 8.
LaTeX Font Info:    Checking defaults for TS1/cmr/m/n on input line 8.
LaTeX Font Info:    ... okay on input line 8.
LaTeX Font Info:    Checking defaults for OMX/cmex/m/n on input line 8.
LaTeX Font Info:    ... okay on input line 8.
LaTeX Font Info:    Checking defaults for U/cmr/m/n on input line 8.
LaTeX Font Info:    ... okay on input line 8.

*geometry* driver: auto-detecting
*geometry* detected driver: pdftex
*geometry* verbose mode - [ preamble ] result:
* driver: pdftex
* paper: <default>
* layout: <same size as paper>
* layoutoffset:(h,v)=(0.0pt,0.0pt)
* modes: 
* h-part:(L,W,R)=(89.62709pt, 418.25368pt, 89.6271pt)
* v-part:(T,H,B)=(57.81621pt, 736.64186pt, 50.58878pt)
* \paperwidth=597.50787pt
* \paperheight=845.04684pt
* \textwidth=418.25368pt
* \textheight=736.64186pt
* \oddsidemargin=17.3571pt
* \evensidemargin=17.3571pt
* \topmargin=-51.45378pt
* \headheight=12.0pt
* \headsep=25.0pt
* \topskip=12.0pt
* \footskip=30.0pt
* \marginparwidth=35.0pt
* \marginparsep=10.0pt
* \columnsep=10.0pt
* \skip\footins=10.8pt plus 4.0pt minus 2.0pt
* \hoffset=0.0pt
* \voffset=0.0pt
* \mag=1000
* \@twocolumnfalse
* \@twosidefalse
* \@mparswitchfalse
* \@reversemarginfalse
* (1in=72.27pt=25.4mm, 1cm=28.453pt)

(/usr/share/texmf-dist/tex/context/base/mkii/supp-pdf.mkii
[Loading MPS to PDF converter (version 2006.09.02).]
\scratchcounter=\count275
\scratchdimen=\dimen158
\scratchbox=\box54
\nofMPsegments=\count276
\nofMParguments=\count277
\everyMPshowfont=\toks20
\MPscratchCnt=\count278
\MPscratchDim=\dimen159
\MPnumerator=\count279
\makeMPintoPDFobject=\count280
\everyMPtoPDFconversion=\toks21
) (/usr/share/texmf-dist/tex/latex/epstopdf-pkg/epstopdf-base.sty
Package: epstopdf-base 2020-01-24 v2.11 Base part for package epstopdf
 (/usr/share/texmf-dist/tex/generic/infwarerr/infwarerr.sty
Package: infwarerr 2019/12/03 v1.5 Providing info/warning/error messages (HO)
) (/usr/share/texmf-dist/tex/latex/grfext/grfext.sty
Package: grfext 2019/12/03 v1.3 Manage graphics extensions (HO)
 (/usr/share/texmf-dist/tex/generic/kvdefinekeys/kvdefinekeys.sty
Package: kvdefinekeys 2019-12-19 v1.6 Define keys (HO)
)) (/usr/share/texmf-dist/tex/latex/kvoptions/kvoptions.sty
Package: kvoptions 2020-10-07 v3.14 Key value format for package options (HO)
 (/usr/share/texmf-dist/tex/generic/ltxcmds/ltxcmds.sty
Package: ltxcmds 2020-05-10 v1.25 LaTeX kernel commands for general use (HO)
) (/usr/share/texmf-dist/tex/generic/kvsetkeys/kvsetkeys.sty
Package: kvsetkeys 2019/12/15 v1.18 Key value parser (HO)
)) (/usr/share/texmf-dist/tex/generic/pdftexcmds/pdftexcmds.sty
Package: pdftexcmds 2020-06-27 v0.33 Utility functions of pdfTeX for LuaTeX (HO)
Package pdftexcmds Info: \pdf@primitive is available.
Package pdftexcmds Info: \pdf@ifprimitive is available.
Package pdftexcmds Info: \pdfdraftmode found.
)
Package epstopdf-base Info: Redefining graphics rule for `.eps' on input line 485.
Package grfext Info: Graphics extension search list:
(grfext)             [.pdf,.png,.jpg,.mps,.jpeg,.jbig2,.jb2,.PDF,.PNG,.JPG,.JPEG,.JBIG2,.JB2,.eps]
(grfext)             \AppendGraphicsExtensions on input line 504.
 (/usr/share/texmf-dist/tex/latex/latexconfig/epstopdf-sys.cfg
File: epstopdf-sys.cfg 2010/07/13 v1.3 Configuration of (r)epstopdf for TeX Live
))
\c@lstlisting=\count281
LaTeX Font Info:    External font `cmex10' loaded for size
(Font)              <14.4> on input line 9.
LaTeX Font Info:    External font `cmex10' loaded for size
(Font)              <7> on input line 9.
Package epstopdf Info: Source file: <fisat.eps>
(epstopdf)                    date: 2020-05-28 19:48:36
(epstopdf)                    size: 532566 bytes
(epstopdf)             Output file: <fisat-eps-converted-to.pdf>
(epstopdf)                    date: 2020-05-28 19:48:36
(epstopdf)                    size: 227163 bytes
(epstopdf)             Command: <repstopdf --outfile=fisat-eps-converted-to.pdf fisat.eps>
(epstopdf)             \includegraphics on input line 9.
Package epstopdf Info: Output file is already uptodate.
<fisat-eps-converted-to.pdf, id=1, 789.95125pt x 686.565pt>
File: fisat-eps-converted-to.pdf Graphic file (type pdf)
<use fisat-eps-converted-to.pdf>
Package pdftex.def Info: fisat-eps-converted-to.pdf  used on input line 9.
(pdftex.def)             Requested size: 118.48756pt x 102.9803pt.
 [1

{/var/lib/texmf/fonts/map/pdftex/updmap/pdftex.map} <./fisat-eps-converted-to.pdf>]
Package epstopdf Info: Source file: <fisat.eps>
(epstopdf)                    date: 2020-05-28 19:48:36
(epstopdf)                    size: 532566 bytes
(epstopdf)             Output file: <fisat-eps-converted-to.pdf>
(epstopdf)                    date: 2020-05-28 19:48:36
(epstopdf)                    size: 227163 bytes
(epstopdf)             Command: <repstopdf --outfile=fisat-eps-converted-to.pdf fisat.eps>
(epstopdf)             \includegraphics on input line 10.
Package epstopdf Info: Output file is already uptodate.
File: fisat-eps-converted-to.pdf Graphic file (type pdf)
<use fisat-eps-converted-to.pdf>
Package pdftex.def Info: fisat-eps-converted-to.pdf  used on input line 10.
(pdftex.def)             Requested size: 118.48756pt x 102.9803pt.

Underfull \hbox (badness 10000) in paragraph at lines 10--10

 []

[2]
*geometry* verbose mode - [ newgeometry ] result:
* driver: pdftex
* paper: <default>
* layout: <same size as paper>
* layoutoffset:(h,v)=(0.0pt,0.0pt)
* modes: 
* h-part:(L,W,R)=(89.62709pt, 418.25368pt, 89.6271pt)
* v-part:(T,H,B)=(113.81102pt, 728.39038pt, 2.84544pt)
* \paperwidth=597.50787pt
* \paperheight=845.04684pt
* \textwidth=418.25368pt
* \textheight=728.39038pt
* \oddsidemargin=17.3571pt
* \evensidemargin=17.3571pt
* \topmargin=4.54103pt
* \headheight=12.0pt
* \headsep=25.0pt
* \topskip=12.0pt
* \footskip=30.0pt
* \marginparwidth=35.0pt
* \marginparsep=10.0pt
* \columnsep=10.0pt
* \skip\footins=10.8pt plus 4.0pt minus 2.0pt
* \hoffset=0.0pt
* \voffset=0.0pt
* \mag=1000
* \@twocolumnfalse
* \@twosidefalse
* \@mparswitchfalse
* \@reversemarginfalse
* (1in=72.27pt=25.4mm, 1cm=28.453pt)

 [1

] [2] [3] (./miniproject_final.toc
LaTeX Font Info:    External font `cmex10' loaded for size
(Font)              <12> on input line 4.
LaTeX Font Info:    External font `cmex10' loaded for size
(Font)              <8> on input line 4.
LaTeX Font Info:    External font `cmex10' loaded for size
(Font)              <6> on input line 4.
)
\tf@toc=\write3
\openout3 = `miniproject_final.toc'.

 [4


] (./miniproject_final.lof)
\tf@lof=\write4
\openout4 = `miniproject_final.lof'.

 [5


] (./miniproject_final.lot)
\tf@lot=\write5
\openout5 = `miniproject_final.lot'.

 [6


]
Chapter 1.
Package epstopdf Info: Source file: <pose-estimation.eps>
(epstopdf)                    date: 2022-09-12 19:24:31
(epstopdf)                    size: 2975673 bytes
(epstopdf)             Output file: <pose-estimation-eps-converted-to.pdf>
(epstopdf)                    date: 2022-09-12 19:24:58
(epstopdf)                    size: 376784 bytes
(epstopdf)             Command: <repstopdf --outfile=pose-estimation-eps-converted-to.pdf pose-estimation.eps>
(epstopdf)             \includegraphics on input line 112.
Package epstopdf Info: Output file is already uptodate.
<pose-estimation-eps-converted-to.pdf, id=40, 785.93625pt x 547.04375pt>
File: pose-estimation-eps-converted-to.pdf Graphic file (type pdf)
<use pose-estimation-eps-converted-to.pdf>
Package pdftex.def Info: pose-estimation-eps-converted-to.pdf  used on input line 112.
(pdftex.def)             Requested size: 235.78268pt x 164.11438pt.
[1

 <./pose-estimation-eps-converted-to.pdf>]

Package fancyhdr Warning: \headheight is too small (12.0pt): 
(fancyhdr)                Make it at least 14.49998pt, for example:
(fancyhdr)                \setlength{\headheight}{14.49998pt}.
(fancyhdr)                You might also make \topmargin smaller to compensate:
(fancyhdr)                \addtolength{\topmargin}{-2.49998pt}.

[2]
Chapter 2.
Package epstopdf Info: Source file: <OpenPose.eps>
(epstopdf)                    date: 2022-09-14 23:07:38
(epstopdf)                    size: 196297 bytes
(epstopdf)             Output file: <OpenPose-eps-converted-to.pdf>
(epstopdf)                    date: 2022-09-14 23:09:45
(epstopdf)                    size: 74108 bytes
(epstopdf)             Command: <repstopdf --outfile=OpenPose-eps-converted-to.pdf OpenPose.eps>
(epstopdf)             \includegraphics on input line 202.
Package epstopdf Info: Output file is already uptodate.
<OpenPose-eps-converted-to.pdf, id=49, 585.18625pt x 227.85126pt>
File: OpenPose-eps-converted-to.pdf Graphic file (type pdf)
<use OpenPose-eps-converted-to.pdf>
Package pdftex.def Info: OpenPose-eps-converted-to.pdf  used on input line 202.
(pdftex.def)             Requested size: 468.14963pt x 182.28123pt.

Overfull \hbox (49.89595pt too wide) in paragraph at lines 202--203
 [] 
 []


LaTeX Warning: `!h' float specifier changed to `!ht'.

[3

]

Package fancyhdr Warning: \headheight is too small (12.0pt): 
(fancyhdr)                Make it at least 14.49998pt, for example:
(fancyhdr)                \setlength{\headheight}{14.49998pt}.
(fancyhdr)                You might also make \topmargin smaller to compensate:
(fancyhdr)                \addtolength{\topmargin}{-2.49998pt}.

[4 <./OpenPose-eps-converted-to.pdf>]
Chapter 3.
Package epstopdf Info: Source file: <EfficientPose.eps>
(epstopdf)                    date: 2022-09-14 23:26:11
(epstopdf)                    size: 353932 bytes
(epstopdf)             Output file: <EfficientPose-eps-converted-to.pdf>
(epstopdf)                    date: 2022-09-14 23:26:12
(epstopdf)                    size: 108345 bytes
(epstopdf)             Command: <repstopdf --outfile=EfficientPose-eps-converted-to.pdf EfficientPose.eps>
(epstopdf)             \includegraphics on input line 259.
Package epstopdf Info: Output file is already uptodate.
<EfficientPose-eps-converted-to.pdf, id=62, 643.40375pt x 322.20375pt>
File: EfficientPose-eps-converted-to.pdf Graphic file (type pdf)
<use EfficientPose-eps-converted-to.pdf>
Package pdftex.def Info: EfficientPose-eps-converted-to.pdf  used on input line 259.
(pdftex.def)             Requested size: 386.04523pt x 193.32373pt.
[5

 <./EfficientPose-eps-converted-to.pdf>]

Package fancyhdr Warning: \headheight is too small (12.0pt): 
(fancyhdr)                Make it at least 14.49998pt, for example:
(fancyhdr)                \setlength{\headheight}{14.49998pt}.
(fancyhdr)                You might also make \topmargin smaller to compensate:
(fancyhdr)                \addtolength{\topmargin}{-2.49998pt}.

[6]
Chapter 4.
[7

]

Package fancyhdr Warning: \headheight is too small (12.0pt): 
(fancyhdr)                Make it at least 14.49998pt, for example:
(fancyhdr)                \setlength{\headheight}{14.49998pt}.
(fancyhdr)                You might also make \topmargin smaller to compensate:
(fancyhdr)                \addtolength{\topmargin}{-2.49998pt}.

[8]
Chapter 5.
Package epstopdf Info: Source file: <TrainProgression.eps>
(epstopdf)                    date: 2022-09-15 00:34:20
(epstopdf)                    size: 137364 bytes
(epstopdf)             Output file: <TrainProgression-eps-converted-to.pdf>
(epstopdf)                    date: 2022-09-15 00:34:52
(epstopdf)                    size: 56745 bytes
(epstopdf)             Command: <repstopdf --outfile=TrainProgression-eps-converted-to.pdf TrainProgression.eps>
(epstopdf)             \includegraphics on input line 325.
Package epstopdf Info: Output file is already uptodate.
<TrainProgression-eps-converted-to.pdf, id=79, 654.445pt x 321.2pt>
File: TrainProgression-eps-converted-to.pdf Graphic file (type pdf)
<use TrainProgression-eps-converted-to.pdf>
Package pdftex.def Info: TrainProgression-eps-converted-to.pdf  used on input line 325.
(pdftex.def)             Requested size: 458.10838pt x 224.83847pt.

Overfull \hbox (39.8547pt too wide) in paragraph at lines 325--326
 [] 
 []


Overfull \hbox (112.35713pt too wide) in paragraph at lines 334--343
 [] 
 []

[9

 <./TrainProgression-eps-converted-to.pdf>]
Chapter 6.
Package epstopdf Info: Source file: <op-1.eps>
(epstopdf)                    date: 2022-09-15 12:44:55
(epstopdf)                    size: 759366 bytes
(epstopdf)             Output file: <op-1-eps-converted-to.pdf>
(epstopdf)                    date: 2022-09-15 12:47:21
(epstopdf)                    size: 46567 bytes
(epstopdf)             Command: <repstopdf --outfile=op-1-eps-converted-to.pdf op-1.eps>
(epstopdf)             \includegraphics on input line 351.
Package epstopdf Info: Output file is already uptodate.
<op-1-eps-converted-to.pdf, id=85, 304.13625pt x 491.8375pt>
File: op-1-eps-converted-to.pdf Graphic file (type pdf)
<use op-1-eps-converted-to.pdf>
Package pdftex.def Info: op-1-eps-converted-to.pdf  used on input line 351.
(pdftex.def)             Requested size: 212.8939pt x 344.28389pt.
Package epstopdf Info: Source file: <pose-2.eps>
(epstopdf)                    date: 2022-09-15 12:45:16
(epstopdf)                    size: 737193 bytes
(epstopdf)             Output file: <pose-2-eps-converted-to.pdf>
(epstopdf)                    date: 2022-09-15 12:47:34
(epstopdf)                    size: 44997 bytes
(epstopdf)             Command: <repstopdf --outfile=pose-2-eps-converted-to.pdf pose-2.eps>
(epstopdf)             \includegraphics on input line 358.
Package epstopdf Info: Output file is already uptodate.
<pose-2-eps-converted-to.pdf, id=86, 296.10625pt x 485.815pt>
File: pose-2-eps-converted-to.pdf Graphic file (type pdf)
<use pose-2-eps-converted-to.pdf>
Package pdftex.def Info: pose-2-eps-converted-to.pdf  used on input line 358.
(pdftex.def)             Requested size: 207.27295pt x 340.06818pt.

LaTeX Warning: `!h' float specifier changed to `!ht'.

Package epstopdf Info: Source file: <pose-3.eps>
(epstopdf)                    date: 2022-09-15 12:45:53
(epstopdf)                    size: 417861 bytes
(epstopdf)             Output file: <pose-3-eps-converted-to.pdf>
(epstopdf)                    date: 2022-09-15 12:47:39
(epstopdf)                    size: 28996 bytes
(epstopdf)             Command: <repstopdf --outfile=pose-3-eps-converted-to.pdf pose-3.eps>
(epstopdf)             \includegraphics on input line 365.
Package epstopdf Info: Output file is already uptodate.
<pose-3-eps-converted-to.pdf, id=87, 169.63374pt x 488.82625pt>
File: pose-3-eps-converted-to.pdf Graphic file (type pdf)
<use pose-3-eps-converted-to.pdf>
Package pdftex.def Info: pose-3-eps-converted-to.pdf  used on input line 365.
(pdftex.def)             Requested size: 118.7428pt x 342.17603pt.

LaTeX Warning: `!h' float specifier changed to `!ht'.

[10

 <./op-1-eps-converted-to.pdf>]

Package fancyhdr Warning: \headheight is too small (12.0pt): 
(fancyhdr)                Make it at least 14.49998pt, for example:
(fancyhdr)                \setlength{\headheight}{14.49998pt}.
(fancyhdr)                You might also make \topmargin smaller to compensate:
(fancyhdr)                \addtolength{\topmargin}{-2.49998pt}.

[11 <./pose-2-eps-converted-to.pdf>]

Package fancyhdr Warning: \headheight is too small (12.0pt): 
(fancyhdr)                Make it at least 14.49998pt, for example:
(fancyhdr)                \setlength{\headheight}{14.49998pt}.
(fancyhdr)                You might also make \topmargin smaller to compensate:
(fancyhdr)                \addtolength{\topmargin}{-2.49998pt}.

[12 <./pose-3-eps-converted-to.pdf>]
Chapter 7.
[13

] [14

] [15


]
Overfull \hbox (843.69414pt too wide) in paragraph at lines 395--396
[][][][][][][][][][][][][][][][][][][][][][][][][][][][][][][][][][][][][][][][][][][][] 
 []


Overfull \hbox (744.99431pt too wide) in paragraph at lines 396--397
[][][][][][][][][][][][][][][][][][][][][][][][][][][][] 
 []


Overfull \hbox (900.09404pt too wide) in paragraph at lines 397--398
[][][][][][][][][][][][][][][][][][][][][][][][][][][][][][][][][][][][][][][][][][][][] 
 []


Overfull \hbox (787.29424pt too wide) in paragraph at lines 398--399
[][][][][][][][][][][][][][][][][][][][][][][][][][][][] 
 []


Overfull \hbox (956.49394pt too wide) in paragraph at lines 399--400
[][][][][][][][][][][][][][][][][][][][][][][][][][][][][][][][][][][][][][][][][][][][] 
 []


Overfull \hbox (956.49394pt too wide) in paragraph at lines 400--401
[][][][][][][][][][][][][][][][][][][][][][][][][][][][][][][][][][][][][][][][][][][][] 
 []


Overfull \hbox (1005.84386pt too wide) in paragraph at lines 401--402
[][][][][][][][][][][][][][][][][][][][][][][][][][][][][][][][][][][][][][][][][][][][] 
 []


Overfull \hbox (900.09404pt too wide) in paragraph at lines 402--403
[][][][][][][][][][][][][][][][][][][][][][][][][][][][] 
 []


Overfull \hbox (991.74388pt too wide) in paragraph at lines 403--404
[][][][][][][][][][][][][][][][][][][][][][][][][][][][][][][][][][][][][][][][][][][][] 
 []


Overfull \hbox (885.99406pt too wide) in paragraph at lines 404--405
[][][][][][][][][][][][][][][][][][][][][][][][][][][][] 
 []


Overfull \hbox (900.09404pt too wide) in paragraph at lines 405--406
[][][][][][][][][][][][][][][][][][][][][][][][][][][][][][][][][][][][][][][][][][][][] 
 []


Overfull \hbox (787.29424pt too wide) in paragraph at lines 406--407
[][][][][][][][][][][][][][][][][][][][][][][][][][][][] 
 []


Overfull \hbox (956.49394pt too wide) in paragraph at lines 407--408
[][][][][][][][][][][][][][][][][][][][][][][][][][][][][][][][][][][][][][][][][][][][] 
 []


Overfull \hbox (956.49394pt too wide) in paragraph at lines 408--409
[][][][][][][][][][][][][][][][][][][][][][][][][][][][][][][][][][][][][][][][][][][][] 
 []


Overfull \hbox (1005.84386pt too wide) in paragraph at lines 409--410
[][][][][][][][][][][][][][][][][][][][][][][][][][][][][][][][][][][][][][][][][][][][] 
 []


Overfull \hbox (900.09404pt too wide) in paragraph at lines 410--411
[][][][][][][][][][][][][][][][][][][][][][][][][][][][] 
 []


Overfull \hbox (998.79387pt too wide) in paragraph at lines 411--412
[][][][][][][][][][][][][][][][][][][][][][][][][][][][][][][][][][][][][][][][][][][][] 
 []


Overfull \hbox (893.04405pt too wide) in paragraph at lines 412--413
[][][][][][][][][][][][][][][][][][][][][][][][][][][][] 
 []


Overfull \hbox (921.244pt too wide) in paragraph at lines 413--414
[][][][][][][][][][][][][][][][][][][][][][][][][][][][][][][][][][][][][][][][][][][][] 
 []


Overfull \hbox (794.34422pt too wide) in paragraph at lines 414--415
[][][][][][][][][][][][][][][][][][][][][][][][][][][][] 
 []


Overfull \hbox (963.54393pt too wide) in paragraph at lines 415--416
[][][][][][][][][][][][][][][][][][][][][][][][][][][][][][][][][][][][][][][][][][][][] 
 []


Overfull \hbox (963.54393pt too wide) in paragraph at lines 416--417
[][][][][][][][][][][][][][][][][][][][][][][][][][][][][][][][][][][][][][][][][][][][] 
 []


Overfull \hbox (1012.89384pt too wide) in paragraph at lines 417--418
[][][][][][][][][][][][][][][][][][][][][][][][][][][][][][][][][][][][][][][][][][][][] 
 []


Overfull \hbox (900.09404pt too wide) in paragraph at lines 418--419
[][][][][][][][][][][][][][][][][][][][][][][][][][][][] 
 []


Overfull \hbox (998.79387pt too wide) in paragraph at lines 419--420
[][][][][][][][][][][][][][][][][][][][][][][][][][][][][][][][][][][][][][][][][][][][] 
 []


Overfull \hbox (893.04405pt too wide) in paragraph at lines 420--421
[][][][][][][][][][][][][][][][][][][][][][][][][][][][] 
 []


Overfull \hbox (921.244pt too wide) in paragraph at lines 421--422
[][][][][][][][][][][][][][][][][][][][][][][][][][][][][][][][][][][][][][][][][][][][] 
 []


Overfull \hbox (794.34422pt too wide) in paragraph at lines 422--423
[][][][][][][][][][][][][][][][][][][][][][][][][][][][] 
 []


Overfull \hbox (963.54393pt too wide) in paragraph at lines 423--424
[][][][][][][][][][][][][][][][][][][][][][][][][][][][][][][][][][][][][][][][][][][][] 
 []


Overfull \hbox (963.54393pt too wide) in paragraph at lines 424--425
[][][][][][][][][][][][][][][][][][][][][][][][][][][][][][][][][][][][][][][][][][][][] 
 []


Overfull \hbox (1012.89384pt too wide) in paragraph at lines 425--426
[][][][][][][][][][][][][][][][][][][][][][][][][][][][][][][][][][][][][][][][][][][][] 
 []


Overfull \hbox (900.09404pt too wide) in paragraph at lines 426--427
[][][][][][][][][][][][][][][][][][][][][][][][][][][][] 
 []


Overfull \hbox (998.79387pt too wide) in paragraph at lines 427--428
[][][][][][][][][][][][][][][][][][][][][][][][][][][][][][][][][][][][][][][][][][][][] 
 []


Overfull \hbox (893.04405pt too wide) in paragraph at lines 428--429
[][][][][][][][][][][][][][][][][][][][][][][][][][][][] 
 []


Overfull \hbox (921.244pt too wide) in paragraph at lines 429--430
[][][][][][][][][][][][][][][][][][][][][][][][][][][][][][][][][][][][][][][][][][][][] 
 []


Overfull \hbox (794.34422pt too wide) in paragraph at lines 430--431
[][][][][][][][][][][][][][][][][][][][][][][][][][][][] 
 []


Overfull \hbox (970.59392pt too wide) in paragraph at lines 431--432
[][][][][][][][][][][][][][][][][][][][][][][][][][][][][][][][][][][][][][][][][][][][] 
 []


Overfull \hbox (970.59392pt too wide) in paragraph at lines 432--433
[][][][][][][][][][][][][][][][][][][][][][][][][][][][][][][][][][][][][][][][][][][][] 
 []


Overfull \hbox (1012.89384pt too wide) in paragraph at lines 433--434
[][][][][][][][][][][][][][][][][][][][][][][][][][][][][][][][][][][][][][][][][][][][] 
 []


Overfull \hbox (900.09404pt too wide) in paragraph at lines 434--435
[][][][][][][][][][][][][][][][][][][][][][][][][][][][] 
 []


Package fancyhdr Warning: \headheight is too small (12.0pt): 
(fancyhdr)                Make it at least 14.49998pt, for example:
(fancyhdr)                \setlength{\headheight}{14.49998pt}.
(fancyhdr)                You might also make \topmargin smaller to compensate:
(fancyhdr)                \addtolength{\topmargin}{-2.49998pt}.

[16]
Overfull \hbox (1153.8936pt too wide) in paragraph at lines 435--436
[][][][][][][][][][][][][][][][][][][][][][][][][][][][][][][][][][][][][][][][][][][][] 
 []


Overfull \hbox (1118.64366pt too wide) in paragraph at lines 436--437
[][][][][][][][][][][][][][][][][][][][][][][][][][][][] 
 []


Overfull \hbox (1160.94359pt too wide) in paragraph at lines 437--438
[][][][][][][][][][][][][][][][][][][][][][][][][][][][][][][][][][][][][][][][][][][][] 
 []


Overfull \hbox (1132.74364pt too wide) in paragraph at lines 438--439
[][][][][][][][][][][][][][][][][][][][][][][][][][][][] 
 []


Overfull \hbox (1337.19328pt too wide) in paragraph at lines 439--440
[][][][][][][][][][][][][][][][][][][][][][][][][][][][][][][][][][][][][][][][][][][][] 
 []


Overfull \hbox (1323.0933pt too wide) in paragraph at lines 440--441
[][][][][][][][][][][][][][][][][][][][][][][][][][][][][][][][][][][][][][][][][][][][] 
 []


Overfull \hbox (1153.8936pt too wide) in paragraph at lines 441--442
[][][][][][][][][][][][][][][][][][][][][][][][][][][][][][][][][][][][][][][][][][][][] 
 []


Overfull \hbox (1111.59367pt too wide) in paragraph at lines 442--443
[][][][][][][][][][][][][][][][][][][][][][][][][][][][] 
 []


Overfull \hbox (1153.8936pt too wide) in paragraph at lines 443--444
[][][][][][][][][][][][][][][][][][][][][][][][][][][][][][][][][][][][][][][][][][][][] 
 []


Overfull \hbox (1118.64366pt too wide) in paragraph at lines 444--445
[][][][][][][][][][][][][][][][][][][][][][][][][][][][] 
 []


Overfull \hbox (1160.94359pt too wide) in paragraph at lines 445--446
[][][][][][][][][][][][][][][][][][][][][][][][][][][][][][][][][][][][][][][][][][][][] 
 []


Overfull \hbox (1132.74364pt too wide) in paragraph at lines 446--447
[][][][][][][][][][][][][][][][][][][][][][][][][][][][] 
 []


Overfull \hbox (1337.19328pt too wide) in paragraph at lines 447--448
[][][][][][][][][][][][][][][][][][][][][][][][][][][][][][][][][][][][][][][][][][][][] 
 []


Overfull \hbox (1323.0933pt too wide) in paragraph at lines 448--449
[][][][][][][][][][][][][][][][][][][][][][][][][][][][][][][][][][][][][][][][][][][][] 
 []


Overfull \hbox (1153.8936pt too wide) in paragraph at lines 449--450
[][][][][][][][][][][][][][][][][][][][][][][][][][][][][][][][][][][][][][][][][][][][] 
 []


Overfull \hbox (1111.59367pt too wide) in paragraph at lines 450--451
[][][][][][][][][][][][][][][][][][][][][][][][][][][][] 
 []


Overfull \hbox (1153.8936pt too wide) in paragraph at lines 451--452
[][][][][][][][][][][][][][][][][][][][][][][][][][][][][][][][][][][][][][][][][][][][] 
 []


Overfull \hbox (1118.64366pt too wide) in paragraph at lines 452--453
[][][][][][][][][][][][][][][][][][][][][][][][][][][][] 
 []


Overfull \hbox (1160.94359pt too wide) in paragraph at lines 453--454
[][][][][][][][][][][][][][][][][][][][][][][][][][][][][][][][][][][][][][][][][][][][] 
 []


Overfull \hbox (1132.74364pt too wide) in paragraph at lines 454--455
[][][][][][][][][][][][][][][][][][][][][][][][][][][][] 
 []


Overfull \hbox (1337.19328pt too wide) in paragraph at lines 455--456
[][][][][][][][][][][][][][][][][][][][][][][][][][][][][][][][][][][][][][][][][][][][] 
 []


Overfull \hbox (1323.0933pt too wide) in paragraph at lines 456--457
[][][][][][][][][][][][][][][][][][][][][][][][][][][][][][][][][][][][][][][][][][][][] 
 []


Overfull \hbox (1153.8936pt too wide) in paragraph at lines 457--458
[][][][][][][][][][][][][][][][][][][][][][][][][][][][][][][][][][][][][][][][][][][][] 
 []


Overfull \hbox (1111.59367pt too wide) in paragraph at lines 458--459
[][][][][][][][][][][][][][][][][][][][][][][][][][][][] 
 []


Overfull \hbox (1189.14354pt too wide) in paragraph at lines 459--460
[][][][][][][][][][][][][][][][][][][][][][][][][][][][][][][][][][][][][][][][][][][][] 
 []


Overfull \hbox (1146.84361pt too wide) in paragraph at lines 460--461
[][][][][][][][][][][][][][][][][][][][][][][][][][][][] 
 []


Overfull \hbox (1189.14354pt too wide) in paragraph at lines 461--462
[][][][][][][][][][][][][][][][][][][][][][][][][][][][][][][][][][][][][][][][][][][][] 
 []


Overfull \hbox (1160.94359pt too wide) in paragraph at lines 462--463
[][][][][][][][][][][][][][][][][][][][][][][][][][][][] 
 []


Overfull \hbox (1365.39323pt too wide) in paragraph at lines 463--464
[][][][][][][][][][][][][][][][][][][][][][][][][][][][][][][][][][][][][][][][][][][][] 
 []


Overfull \hbox (1351.29326pt too wide) in paragraph at lines 464--465
[][][][][][][][][][][][][][][][][][][][][][][][][][][][][][][][][][][][][][][][][][][][] 
 []


Overfull \hbox (1182.09355pt too wide) in paragraph at lines 465--466
[][][][][][][][][][][][][][][][][][][][][][][][][][][][][][][][][][][][][][][][][][][][] 
 []


Overfull \hbox (1139.79362pt too wide) in paragraph at lines 466--467
[][][][][][][][][][][][][][][][][][][][][][][][][][][][] 
 []


Overfull \hbox (1182.09355pt too wide) in paragraph at lines 467--468
[][][][][][][][][][][][][][][][][][][][][][][][][][][][][][][][][][][][][][][][][][][][] 
 []


Overfull \hbox (1146.84361pt too wide) in paragraph at lines 468--469
[][][][][][][][][][][][][][][][][][][][][][][][][][][][] 
 []


Overfull \hbox (1189.14354pt too wide) in paragraph at lines 469--470
[][][][][][][][][][][][][][][][][][][][][][][][][][][][][][][][][][][][][][][][][][][][] 
 []


Overfull \hbox (1160.94359pt too wide) in paragraph at lines 470--471
[][][][][][][][][][][][][][][][][][][][][][][][][][][][] 
 []


Overfull \hbox (1365.39323pt too wide) in paragraph at lines 471--472
[][][][][][][][][][][][][][][][][][][][][][][][][][][][][][][][][][][][][][][][][][][][] 
 []


Overfull \hbox (1351.29326pt too wide) in paragraph at lines 472--473
[][][][][][][][][][][][][][][][][][][][][][][][][][][][][][][][][][][][][][][][][][][][] 
 []


Overfull \hbox (1182.09355pt too wide) in paragraph at lines 473--474
[][][][][][][][][][][][][][][][][][][][][][][][][][][][][][][][][][][][][][][][][][][][] 
 []


Overfull \hbox (1139.79362pt too wide) in paragraph at lines 474--475
[][][][][][][][][][][][][][][][][][][][][][][][][][][][] 
 []


Overfull \hbox (1182.09355pt too wide) in paragraph at lines 475--476
[][][][][][][][][][][][][][][][][][][][][][][][][][][][][][][][][][][][][][][][][][][][] 
 []


Overfull \hbox (1146.84361pt too wide) in paragraph at lines 476--477
[][][][][][][][][][][][][][][][][][][][][][][][][][][][] 
 []


Overfull \hbox (1189.14354pt too wide) in paragraph at lines 477--478
[][][][][][][][][][][][][][][][][][][][][][][][][][][][][][][][][][][][][][][][][][][][] 
 []


Overfull \hbox (1160.94359pt too wide) in paragraph at lines 478--479
[][][][][][][][][][][][][][][][][][][][][][][][][][][][] 
 []


Overfull \hbox (1365.39323pt too wide) in paragraph at lines 479--480
[][][][][][][][][][][][][][][][][][][][][][][][][][][][][][][][][][][][][][][][][][][][] 
 []


Overfull \hbox (1351.29326pt too wide) in paragraph at lines 480--481
[][][][][][][][][][][][][][][][][][][][][][][][][][][][][][][][][][][][][][][][][][][][] 
 []


Overfull \hbox (1182.09355pt too wide) in paragraph at lines 481--482
[][][][][][][][][][][][][][][][][][][][][][][][][][][][][][][][][][][][][][][][][][][][] 
 []


Overfull \hbox (1139.79362pt too wide) in paragraph at lines 482--483
[][][][][][][][][][][][][][][][][][][][][][][][][][][][] 
 []


Overfull \hbox (1189.14354pt too wide) in paragraph at lines 483--484
[][][][][][][][][][][][][][][][][][][][][][][][][][][][][][][][][][][][][][][][][][][][] 
 []


Overfull \hbox (1146.84361pt too wide) in paragraph at lines 484--485
[][][][][][][][][][][][][][][][][][][][][][][][][][][][] 
 []


Package fancyhdr Warning: \headheight is too small (12.0pt): 
(fancyhdr)                Make it at least 14.49998pt, for example:
(fancyhdr)                \setlength{\headheight}{14.49998pt}.
(fancyhdr)                You might also make \topmargin smaller to compensate:
(fancyhdr)                \addtolength{\topmargin}{-2.49998pt}.

[17]
Overfull \hbox (1189.14354pt too wide) in paragraph at lines 485--486
[][][][][][][][][][][][][][][][][][][][][][][][][][][][][][][][][][][][][][][][][][][][] 
 []


Overfull \hbox (1160.94359pt too wide) in paragraph at lines 486--487
[][][][][][][][][][][][][][][][][][][][][][][][][][][][] 
 []


Overfull \hbox (1365.39323pt too wide) in paragraph at lines 487--488
[][][][][][][][][][][][][][][][][][][][][][][][][][][][][][][][][][][][][][][][][][][][] 
 []


Overfull \hbox (1351.29326pt too wide) in paragraph at lines 488--489
[][][][][][][][][][][][][][][][][][][][][][][][][][][][][][][][][][][][][][][][][][][][] 
 []


Overfull \hbox (1182.09355pt too wide) in paragraph at lines 489--490
[][][][][][][][][][][][][][][][][][][][][][][][][][][][][][][][][][][][][][][][][][][][] 
 []


Overfull \hbox (1139.79362pt too wide) in paragraph at lines 490--491
[][][][][][][][][][][][][][][][][][][][][][][][][][][][] 
 []


Overfull \hbox (1182.09355pt too wide) in paragraph at lines 491--492
[][][][][][][][][][][][][][][][][][][][][][][][][][][][][][][][][][][][][][][][][][][][] 
 []


Overfull \hbox (1146.84361pt too wide) in paragraph at lines 492--493
[][][][][][][][][][][][][][][][][][][][][][][][][][][][] 
 []


Overfull \hbox (1189.14354pt too wide) in paragraph at lines 493--494
[][][][][][][][][][][][][][][][][][][][][][][][][][][][][][][][][][][][][][][][][][][][] 
 []


Overfull \hbox (1160.94359pt too wide) in paragraph at lines 494--495
[][][][][][][][][][][][][][][][][][][][][][][][][][][][] 
 []


Overfull \hbox (1365.39323pt too wide) in paragraph at lines 495--496
[][][][][][][][][][][][][][][][][][][][][][][][][][][][][][][][][][][][][][][][][][][][] 
 []


Overfull \hbox (1351.29326pt too wide) in paragraph at lines 496--497
[][][][][][][][][][][][][][][][][][][][][][][][][][][][][][][][][][][][][][][][][][][][] 
 []


Overfull \hbox (1182.09355pt too wide) in paragraph at lines 497--498
[][][][][][][][][][][][][][][][][][][][][][][][][][][][][][][][][][][][][][][][][][][][] 
 []


Overfull \hbox (1139.79362pt too wide) in paragraph at lines 498--499
[][][][][][][][][][][][][][][][][][][][][][][][][][][][] 
 []


Overfull \hbox (1182.09355pt too wide) in paragraph at lines 499--500
[][][][][][][][][][][][][][][][][][][][][][][][][][][][][][][][][][][][][][][][][][][][] 
 []


Overfull \hbox (1146.84361pt too wide) in paragraph at lines 500--501
[][][][][][][][][][][][][][][][][][][][][][][][][][][][] 
 []


Overfull \hbox (1189.14354pt too wide) in paragraph at lines 501--502
[][][][][][][][][][][][][][][][][][][][][][][][][][][][][][][][][][][][][][][][][][][][] 
 []


Overfull \hbox (1160.94359pt too wide) in paragraph at lines 502--503
[][][][][][][][][][][][][][][][][][][][][][][][][][][][] 
 []


Overfull \hbox (1365.39323pt too wide) in paragraph at lines 503--504
[][][][][][][][][][][][][][][][][][][][][][][][][][][][][][][][][][][][][][][][][][][][] 
 []


Overfull \hbox (1351.29326pt too wide) in paragraph at lines 504--505
[][][][][][][][][][][][][][][][][][][][][][][][][][][][][][][][][][][][][][][][][][][][] 
 []


Overfull \hbox (1182.09355pt too wide) in paragraph at lines 505--506
[][][][][][][][][][][][][][][][][][][][][][][][][][][][][][][][][][][][][][][][][][][][] 
 []


Overfull \hbox (1139.79362pt too wide) in paragraph at lines 506--507
[][][][][][][][][][][][][][][][][][][][][][][][][][][][] 
 []


Overfull \hbox (970.59392pt too wide) in paragraph at lines 507--509
[][][][][][][][][][][][][][][][][][][][][][][][][][][][][][][][][][][][][][][][][][][][] 
 []


Overfull \hbox (498.24474pt too wide) in paragraph at lines 510--511
[][][][][][][][][][][][][][][][][][][][][][][][] 
 []


Overfull \hbox (505.29472pt too wide) in paragraph at lines 511--512
[][][][][][][][][][][][][][][][][][][][][][][][] 
 []


Overfull \hbox (554.64464pt too wide) in paragraph at lines 512--513
[][][][][][][][][][][][][][][][][][][][][][][][] 
 []


Overfull \hbox (498.24474pt too wide) in paragraph at lines 513--514
[][][][][][][][][][][][][][][][][][][][][][][][] 
 []


Overfull \hbox (505.29472pt too wide) in paragraph at lines 514--515
[][][][][][][][][][][][][][][][][][][][][][][][] 
 []


Overfull \hbox (554.64464pt too wide) in paragraph at lines 515--516
[][][][][][][][][][][][][][][][][][][][][][][][] 
 []


Overfull \hbox (498.24474pt too wide) in paragraph at lines 516--517
[][][][][][][][][][][][][][][][][][][][][][][][] 
 []


Overfull \hbox (505.29472pt too wide) in paragraph at lines 517--518
[][][][][][][][][][][][][][][][][][][][][][][][] 
 []


Overfull \hbox (554.64464pt too wide) in paragraph at lines 518--519
[][][][][][][][][][][][][][][][][][][][][][][][] 
 []


Overfull \hbox (512.34471pt too wide) in paragraph at lines 519--520
[][][][][][][][][][][][][][][][][][][][][][][][] 
 []


Overfull \hbox (519.3947pt too wide) in paragraph at lines 520--521
[][][][][][][][][][][][][][][][][][][][][][][][] 
 []


Overfull \hbox (568.74461pt too wide) in paragraph at lines 521--522
[][][][][][][][][][][][][][][][][][][][][][][][] 
 []


Overfull \hbox (512.34471pt too wide) in paragraph at lines 522--523
[][][][][][][][][][][][][][][][][][][][][][][][] 
 []


Overfull \hbox (519.3947pt too wide) in paragraph at lines 523--524
[][][][][][][][][][][][][][][][][][][][][][][][] 
 []


Overfull \hbox (568.74461pt too wide) in paragraph at lines 524--525
[][][][][][][][][][][][][][][][][][][][][][][][] 
 []


Overfull \hbox (512.34471pt too wide) in paragraph at lines 525--526
[][][][][][][][][][][][][][][][][][][][][][][][] 
 []


Overfull \hbox (519.3947pt too wide) in paragraph at lines 526--527
[][][][][][][][][][][][][][][][][][][][][][][][] 
 []


Overfull \hbox (568.74461pt too wide) in paragraph at lines 527--528
[][][][][][][][][][][][][][][][][][][][][][][][] 
 []


Overfull \hbox (512.34471pt too wide) in paragraph at lines 528--529
[][][][][][][][][][][][][][][][][][][][][][][][] 
 []


Overfull \hbox (519.3947pt too wide) in paragraph at lines 529--530
[][][][][][][][][][][][][][][][][][][][][][][][] 
 []


Overfull \hbox (568.74461pt too wide) in paragraph at lines 530--531
[][][][][][][][][][][][][][][][][][][][][][][][] 
 []


Overfull \hbox (512.34471pt too wide) in paragraph at lines 531--532
[][][][][][][][][][][][][][][][][][][][][][][][] 
 []


Overfull \hbox (519.3947pt too wide) in paragraph at lines 532--533
[][][][][][][][][][][][][][][][][][][][][][][][] 
 []


Overfull \hbox (568.74461pt too wide) in paragraph at lines 533--534
[][][][][][][][][][][][][][][][][][][][][][][][] 
 []


Overfull \hbox (512.34471pt too wide) in paragraph at lines 534--535
[][][][][][][][][][][][][][][][][][][][][][][][] 
 []


Package fancyhdr Warning: \headheight is too small (12.0pt): 
(fancyhdr)                Make it at least 14.49998pt, for example:
(fancyhdr)                \setlength{\headheight}{14.49998pt}.
(fancyhdr)                You might also make \topmargin smaller to compensate:
(fancyhdr)                \addtolength{\topmargin}{-2.49998pt}.

[18]
Overfull \hbox (519.3947pt too wide) in paragraph at lines 535--536
[][][][][][][][][][][][][][][][][][][][][][][][] 
 []


Overfull \hbox (568.74461pt too wide) in paragraph at lines 536--537
[][][][][][][][][][][][][][][][][][][][][][][][] 
 []


Overfull \hbox (25.89555pt too wide) in paragraph at lines 537--538
[][][][][][][][][][][][][][][][][][][][][] 
 []


Overfull \hbox (286.7451pt too wide) in paragraph at lines 538--539
[][][][][][][][][][][][][] 
 []


Overfull \hbox (300.84508pt too wide) in paragraph at lines 539--540
[][][][][][][][][][][][][] 
 []


Overfull \hbox (138.69536pt too wide) in paragraph at lines 540--541
[][][][][][][][][][][][][] 
 []


Overfull \hbox (251.49516pt too wide) in paragraph at lines 541--542
[][][][][][][][][][][][] 
 []


Overfull \hbox (209.19524pt too wide) in paragraph at lines 542--543
[][][][][][][][][][][][][][][][][][][][][] 
 []


Overfull \hbox (350.19499pt too wide) in paragraph at lines 543--544
[][][][][][][][][][][][][] 
 []


Overfull \hbox (364.29497pt too wide) in paragraph at lines 544--545
[][][][][][][][][][][][][] 
 []


Overfull \hbox (180.99529pt too wide) in paragraph at lines 545--546
[][][][][][][][][][][][][] 
 []


Overfull \hbox (314.94505pt too wide) in paragraph at lines 546--547
[][][][][][][][][][][][] 
 []


Overfull \hbox (202.14525pt too wide) in paragraph at lines 547--548
[][][][][][][][][][][][][][][][][][] 
 []


Overfull \hbox (209.19524pt too wide) in paragraph at lines 548--549
[][][][][][][][][][][][][][][][][][] 
 []


Overfull \hbox (251.49516pt too wide) in paragraph at lines 549--550
[][][][][][][][][][][][][][][][][] 
 []


Overfull \hbox (477.09477pt too wide) in paragraph at lines 550--551
[][][][][][][][][][][][][][][][][][][][][][][] 
 []


Overfull \hbox (159.84532pt too wide) in paragraph at lines 551--552
[][][][][][][][][] 
 []


Overfull \hbox (406.5949pt too wide) in paragraph at lines 552--553
[][][][][][][][][][][][][] 
 []


Overfull \hbox (230.3452pt too wide) in paragraph at lines 553--554
[][][][][][][][][][][][][] 
 []


Overfull \hbox (399.5449pt too wide) in paragraph at lines 554--555
[][][][][][][][][][][][] 
 []


Overfull \hbox (413.64488pt too wide) in paragraph at lines 555--556
[][][][][][][][][][][][][] 
 []


Overfull \hbox (188.04527pt too wide) in paragraph at lines 556--557
[][][][][][][][][][][][][] 
 []


Overfull \hbox (265.59514pt too wide) in paragraph at lines 557--558
[][][][][][][][][][][][] 
 []


Overfull \hbox (413.64488pt too wide) in paragraph at lines 558--559
[][][][][][][][][][][][][] 
 []


Overfull \hbox (533.49467pt too wide) in paragraph at lines 559--560
[][][][][][][][][][][][][] 
 []


Overfull \hbox (498.24474pt too wide) in paragraph at lines 560--561
[][][][][][][][][][][][][] 
 []


Overfull \hbox (512.34471pt too wide) in paragraph at lines 561--562
[][][][][][][][][][][][][] 
 []


Overfull \hbox (279.69511pt too wide) in paragraph at lines 562--563
[][][][][][][][][][][][][] 
 []


Overfull \hbox (462.9948pt too wide) in paragraph at lines 563--564
[][][][][][][][][][][][] 
 []


Overfull \hbox (279.69511pt too wide) in paragraph at lines 564--565
[][][][][][][][][][][][][][][][][][][][][] 
 []


Overfull \hbox (350.19499pt too wide) in paragraph at lines 565--566
[][][][][][][][][][][][][] 
 []


Overfull \hbox (364.29497pt too wide) in paragraph at lines 566--567
[][][][][][][][][][][][][] 
 []


Overfull \hbox (180.99529pt too wide) in paragraph at lines 567--568
[][][][][][][][][][][][][] 
 []


Overfull \hbox (314.94505pt too wide) in paragraph at lines 568--569
[][][][][][][][][][][][] 
 []


Overfull \hbox (202.14525pt too wide) in paragraph at lines 569--570
[][][][][][][][][][][][][][][][][][] 
 []


Overfull \hbox (209.19524pt too wide) in paragraph at lines 570--571
[][][][][][][][][][][][][][][][][][] 
 []


Overfull \hbox (251.49516pt too wide) in paragraph at lines 571--572
[][][][][][][][][][][][][][][][][] 
 []


Overfull \hbox (477.09477pt too wide) in paragraph at lines 572--573
[][][][][][][][][][][][][][][][][][][][][][][] 
 []


Overfull \hbox (159.84532pt too wide) in paragraph at lines 573--574
[][][][][][][][][] 
 []


Overfull \hbox (406.5949pt too wide) in paragraph at lines 574--575
[][][][][][][][][][][][][] 
 []


Overfull \hbox (230.3452pt too wide) in paragraph at lines 575--576
[][][][][][][][][][][][][] 
 []


Overfull \hbox (399.5449pt too wide) in paragraph at lines 576--577
[][][][][][][][][][][][] 
 []


Overfull \hbox (413.64488pt too wide) in paragraph at lines 577--578
[][][][][][][][][][][][][] 
 []


Overfull \hbox (188.04527pt too wide) in paragraph at lines 578--579
[][][][][][][][][][][][][] 
 []


Overfull \hbox (265.59514pt too wide) in paragraph at lines 579--580
[][][][][][][][][][][][] 
 []


Overfull \hbox (413.64488pt too wide) in paragraph at lines 580--581
[][][][][][][][][][][][][] 
 []


Overfull \hbox (533.49467pt too wide) in paragraph at lines 581--582
[][][][][][][][][][][][][] 
 []


Overfull \hbox (498.24474pt too wide) in paragraph at lines 582--583
[][][][][][][][][][][][][] 
 []


Overfull \hbox (512.34471pt too wide) in paragraph at lines 583--584
[][][][][][][][][][][][][] 
 []


Overfull \hbox (279.69511pt too wide) in paragraph at lines 584--585
[][][][][][][][][][][][][] 
 []


Package fancyhdr Warning: \headheight is too small (12.0pt): 
(fancyhdr)                Make it at least 14.49998pt, for example:
(fancyhdr)                \setlength{\headheight}{14.49998pt}.
(fancyhdr)                You might also make \topmargin smaller to compensate:
(fancyhdr)                \addtolength{\topmargin}{-2.49998pt}.

[19]
Overfull \hbox (462.9948pt too wide) in paragraph at lines 585--586
[][][][][][][][][][][][] 
 []


Overfull \hbox (279.69511pt too wide) in paragraph at lines 586--587
[][][][][][][][][][][][][][][][][][][][][] 
 []


Overfull \hbox (350.19499pt too wide) in paragraph at lines 587--588
[][][][][][][][][][][][][] 
 []


Overfull \hbox (364.29497pt too wide) in paragraph at lines 588--589
[][][][][][][][][][][][][] 
 []


Overfull \hbox (180.99529pt too wide) in paragraph at lines 589--590
[][][][][][][][][][][][][] 
 []


Overfull \hbox (314.94505pt too wide) in paragraph at lines 590--591
[][][][][][][][][][][][] 
 []


Overfull \hbox (202.14525pt too wide) in paragraph at lines 591--592
[][][][][][][][][][][][][][][][][][] 
 []


Overfull \hbox (209.19524pt too wide) in paragraph at lines 592--593
[][][][][][][][][][][][][][][][][][] 
 []


Overfull \hbox (251.49516pt too wide) in paragraph at lines 593--594
[][][][][][][][][][][][][][][][][] 
 []


Overfull \hbox (491.19475pt too wide) in paragraph at lines 594--595
[][][][][][][][][][][][][][][][][][][][][][][] 
 []


Overfull \hbox (159.84532pt too wide) in paragraph at lines 595--596
[][][][][][][][][] 
 []


Overfull \hbox (406.5949pt too wide) in paragraph at lines 596--597
[][][][][][][][][][][][][] 
 []


Overfull \hbox (230.3452pt too wide) in paragraph at lines 597--598
[][][][][][][][][][][][][] 
 []


Overfull \hbox (399.5449pt too wide) in paragraph at lines 598--599
[][][][][][][][][][][][] 
 []


Overfull \hbox (413.64488pt too wide) in paragraph at lines 599--600
[][][][][][][][][][][][][] 
 []


Overfull \hbox (188.04527pt too wide) in paragraph at lines 600--601
[][][][][][][][][][][][][] 
 []


Overfull \hbox (265.59514pt too wide) in paragraph at lines 601--602
[][][][][][][][][][][][] 
 []


Overfull \hbox (413.64488pt too wide) in paragraph at lines 602--603
[][][][][][][][][][][][][] 
 []


Overfull \hbox (533.49467pt too wide) in paragraph at lines 603--604
[][][][][][][][][][][][][] 
 []


Overfull \hbox (385.44493pt too wide) in paragraph at lines 604--605
[][][][][][][][][][][][] 
 []


Overfull \hbox (357.24498pt too wide) in paragraph at lines 605--606
[][][][][][][][][][][][][] 
 []


Overfull \hbox (512.34471pt too wide) in paragraph at lines 606--607
[][][][][][][][][][][][][] 
 []


Overfull \hbox (279.69511pt too wide) in paragraph at lines 607--608
[][][][][][][][][][][][][] 
 []


Overfull \hbox (462.9948pt too wide) in paragraph at lines 608--609
[][][][][][][][][][][][] 
 []


Overfull \hbox (279.69511pt too wide) in paragraph at lines 609--610
[][][][][][][][][][][][][][][][][][][][][] 
 []


Overfull \hbox (350.19499pt too wide) in paragraph at lines 610--611
[][][][][][][][][][][][][] 
 []


Overfull \hbox (364.29497pt too wide) in paragraph at lines 611--612
[][][][][][][][][][][][][] 
 []


Overfull \hbox (180.99529pt too wide) in paragraph at lines 612--613
[][][][][][][][][][][][][] 
 []


Overfull \hbox (314.94505pt too wide) in paragraph at lines 613--614
[][][][][][][][][][][][] 
 []


Overfull \hbox (202.14525pt too wide) in paragraph at lines 614--615
[][][][][][][][][][][][][][][][][][] 
 []


Overfull \hbox (209.19524pt too wide) in paragraph at lines 615--616
[][][][][][][][][][][][][][][][][][] 
 []


Overfull \hbox (251.49516pt too wide) in paragraph at lines 616--617
[][][][][][][][][][][][][][][][][] 
 []


Overfull \hbox (491.19475pt too wide) in paragraph at lines 617--618
[][][][][][][][][][][][][][][][][][][][][][][] 
 []


Overfull \hbox (159.84532pt too wide) in paragraph at lines 618--619
[][][][][][][][][] 
 []


Overfull \hbox (406.5949pt too wide) in paragraph at lines 619--620
[][][][][][][][][][][][][] 
 []


Overfull \hbox (230.3452pt too wide) in paragraph at lines 620--621
[][][][][][][][][][][][][] 
 []


Overfull \hbox (399.5449pt too wide) in paragraph at lines 621--622
[][][][][][][][][][][][] 
 []


Overfull \hbox (413.64488pt too wide) in paragraph at lines 622--623
[][][][][][][][][][][][][] 
 []


Overfull \hbox (188.04527pt too wide) in paragraph at lines 623--624
[][][][][][][][][][][][][] 
 []


Overfull \hbox (265.59514pt too wide) in paragraph at lines 624--625
[][][][][][][][][][][][] 
 []


Overfull \hbox (413.64488pt too wide) in paragraph at lines 625--626
[][][][][][][][][][][][][] 
 []


Overfull \hbox (533.49467pt too wide) in paragraph at lines 626--627
[][][][][][][][][][][][][] 
 []


Overfull \hbox (498.24474pt too wide) in paragraph at lines 627--628
[][][][][][][][][][][][][] 
 []


Overfull \hbox (512.34471pt too wide) in paragraph at lines 628--629
[][][][][][][][][][][][][] 
 []


Overfull \hbox (279.69511pt too wide) in paragraph at lines 629--630
[][][][][][][][][][][][][] 
 []


Overfull \hbox (462.9948pt too wide) in paragraph at lines 630--631
[][][][][][][][][][][][] 
 []


Overfull \hbox (279.69511pt too wide) in paragraph at lines 631--632
[][][][][][][][][][][][][][][][][][][][][] 
 []


Overfull \hbox (350.19499pt too wide) in paragraph at lines 632--633
[][][][][][][][][][][][][] 
 []


Overfull \hbox (364.29497pt too wide) in paragraph at lines 633--634
[][][][][][][][][][][][][] 
 []


Overfull \hbox (180.99529pt too wide) in paragraph at lines 634--635
[][][][][][][][][][][][][] 
 []


Package fancyhdr Warning: \headheight is too small (12.0pt): 
(fancyhdr)                Make it at least 14.49998pt, for example:
(fancyhdr)                \setlength{\headheight}{14.49998pt}.
(fancyhdr)                You might also make \topmargin smaller to compensate:
(fancyhdr)                \addtolength{\topmargin}{-2.49998pt}.

[20]
Overfull \hbox (314.94505pt too wide) in paragraph at lines 635--636
[][][][][][][][][][][][] 
 []


Overfull \hbox (202.14525pt too wide) in paragraph at lines 636--637
[][][][][][][][][][][][][][][][][][] 
 []


Overfull \hbox (209.19524pt too wide) in paragraph at lines 637--638
[][][][][][][][][][][][][][][][][][] 
 []


Overfull \hbox (251.49516pt too wide) in paragraph at lines 638--639
[][][][][][][][][][][][][][][][][] 
 []


Overfull \hbox (491.19475pt too wide) in paragraph at lines 639--640
[][][][][][][][][][][][][][][][][][][][][][][] 
 []


Overfull \hbox (159.84532pt too wide) in paragraph at lines 640--641
[][][][][][][][][] 
 []


Overfull \hbox (406.5949pt too wide) in paragraph at lines 641--642
[][][][][][][][][][][][][] 
 []


Overfull \hbox (230.3452pt too wide) in paragraph at lines 642--643
[][][][][][][][][][][][][] 
 []


Overfull \hbox (399.5449pt too wide) in paragraph at lines 643--644
[][][][][][][][][][][][] 
 []


Overfull \hbox (413.64488pt too wide) in paragraph at lines 644--645
[][][][][][][][][][][][][] 
 []


Overfull \hbox (188.04527pt too wide) in paragraph at lines 645--646
[][][][][][][][][][][][][] 
 []


Overfull \hbox (265.59514pt too wide) in paragraph at lines 646--647
[][][][][][][][][][][][] 
 []


Overfull \hbox (413.64488pt too wide) in paragraph at lines 647--648
[][][][][][][][][][][][][] 
 []


Overfull \hbox (533.49467pt too wide) in paragraph at lines 648--649
[][][][][][][][][][][][][] 
 []


Overfull \hbox (385.44493pt too wide) in paragraph at lines 649--650
[][][][][][][][][][][][] 
 []


Overfull \hbox (512.34471pt too wide) in paragraph at lines 650--651
[][][][][][][][][][][][][] 
 []


Overfull \hbox (815.49419pt too wide) in paragraph at lines 651--652
[][][][][][][][][][][][][] 
 []


Overfull \hbox (766.14427pt too wide) in paragraph at lines 652--653
[][][][][][][][][][][][][][] 
 []


Overfull \hbox (477.09477pt too wide) in paragraph at lines 653--654
[][][][][][][][][][][][][] 
 []


Overfull \hbox (695.6444pt too wide) in paragraph at lines 654--655
[][][][][][][][][][][][] 
 []


Overfull \hbox (498.24474pt too wide) in paragraph at lines 655--656
[][][][][][][][][][][][][][][][][][][][][] 
 []


Overfull \hbox (709.74437pt too wide) in paragraph at lines 656--657
[][][][][][][][][][][][][] 
 []


Overfull \hbox (822.54417pt too wide) in paragraph at lines 657--658
[][][][][][][][][][][][][] 
 []


Overfull \hbox (787.29424pt too wide) in paragraph at lines 658--659
[][][][][][][][][][][][][][] 
 []


Overfull \hbox (491.19475pt too wide) in paragraph at lines 659--660
[][][][][][][][][][][][][] 
 []


Overfull \hbox (716.79436pt too wide) in paragraph at lines 660--661
[][][][][][][][][][][][] 
 []


Overfull \hbox (540.54466pt too wide) in paragraph at lines 661--662
[][][][][][][][][][][][][][][][][][] 
 []


Overfull \hbox (582.84459pt too wide) in paragraph at lines 662--663
[][][][][][][][][][][][][][][][][][] 
 []


Overfull \hbox (942.39397pt too wide) in paragraph at lines 663--664
[][][][][][][][][][][][][] 
 []


Overfull \hbox (914.19402pt too wide) in paragraph at lines 664--665
[][][][][][][][][][][][][][] 
 []


Overfull \hbox (568.74461pt too wide) in paragraph at lines 665--666
[][][][][][][][][][][][][] 
 []


Overfull \hbox (864.8441pt too wide) in paragraph at lines 666--667
[][][][][][][][][][][][] 
 []


Overfull \hbox (935.34398pt too wide) in paragraph at lines 667--668
[][][][][][][][][][][][][] 
 []


Overfull \hbox (561.69463pt too wide) in paragraph at lines 668--669
[][][][][][][][][][][][][] 
 []


Overfull \hbox (773.19426pt too wide) in paragraph at lines 669--670
[][][][][][][][][][][][] 
 []


Overfull \hbox (709.74437pt too wide) in paragraph at lines 670--671
[][][][][][][][][][][][][] 
 []


Overfull \hbox (815.49419pt too wide) in paragraph at lines 671--672
[][][][][][][][][][][][][] 
 []


Overfull \hbox (759.09428pt too wide) in paragraph at lines 672--673
[][][][][][][][][][][][][] 
 []


Overfull \hbox (815.49419pt too wide) in paragraph at lines 673--674
[][][][][][][][][][][][][] 
 []


Overfull \hbox (766.14427pt too wide) in paragraph at lines 674--675
[][][][][][][][][][][][][][] 
 []


Overfull \hbox (477.09477pt too wide) in paragraph at lines 675--676
[][][][][][][][][][][][][] 
 []


Overfull \hbox (695.6444pt too wide) in paragraph at lines 676--677
[][][][][][][][][][][][] 
 []


Overfull \hbox (498.24474pt too wide) in paragraph at lines 677--678
[][][][][][][][][][][][][][][][][][][][][] 
 []


Overfull \hbox (709.74437pt too wide) in paragraph at lines 678--679
[][][][][][][][][][][][][] 
 []


Overfull \hbox (822.54417pt too wide) in paragraph at lines 679--680
[][][][][][][][][][][][][] 
 []


Overfull \hbox (787.29424pt too wide) in paragraph at lines 680--681
[][][][][][][][][][][][][][] 
 []


Overfull \hbox (491.19475pt too wide) in paragraph at lines 681--682
[][][][][][][][][][][][][] 
 []


Overfull \hbox (716.79436pt too wide) in paragraph at lines 682--683
[][][][][][][][][][][][] 
 []


Overfull \hbox (540.54466pt too wide) in paragraph at lines 683--684
[][][][][][][][][][][][][][][][][][] 
 []


Overfull \hbox (582.84459pt too wide) in paragraph at lines 684--685
[][][][][][][][][][][][][][][][][][] 
 []


Package fancyhdr Warning: \headheight is too small (12.0pt): 
(fancyhdr)                Make it at least 14.49998pt, for example:
(fancyhdr)                \setlength{\headheight}{14.49998pt}.
(fancyhdr)                You might also make \topmargin smaller to compensate:
(fancyhdr)                \addtolength{\topmargin}{-2.49998pt}.

[21]
Overfull \hbox (942.39397pt too wide) in paragraph at lines 685--686
[][][][][][][][][][][][][] 
 []


Overfull \hbox (914.19402pt too wide) in paragraph at lines 686--687
[][][][][][][][][][][][][][] 
 []


Overfull \hbox (568.74461pt too wide) in paragraph at lines 687--688
[][][][][][][][][][][][][] 
 []


Overfull \hbox (864.8441pt too wide) in paragraph at lines 688--689
[][][][][][][][][][][][] 
 []


Overfull \hbox (935.34398pt too wide) in paragraph at lines 689--690
[][][][][][][][][][][][][] 
 []


Overfull \hbox (561.69463pt too wide) in paragraph at lines 690--691
[][][][][][][][][][][][][] 
 []


Overfull \hbox (773.19426pt too wide) in paragraph at lines 691--692
[][][][][][][][][][][][] 
 []


Overfull \hbox (709.74437pt too wide) in paragraph at lines 692--693
[][][][][][][][][][][][][] 
 []


Overfull \hbox (815.49419pt too wide) in paragraph at lines 693--694
[][][][][][][][][][][][][] 
 []


Overfull \hbox (857.79411pt too wide) in paragraph at lines 694--695
[][][][][][][][][][][][][][][][][][] 
 []


Overfull \hbox (667.44444pt too wide) in paragraph at lines 695--696
[][][][][][][][][][][][][] 
 []


Overfull \hbox (815.49419pt too wide) in paragraph at lines 696--697
[][][][][][][][][][][][][] 
 []


Overfull \hbox (766.14427pt too wide) in paragraph at lines 697--698
[][][][][][][][][][][][][][] 
 []


Overfull \hbox (477.09477pt too wide) in paragraph at lines 698--699
[][][][][][][][][][][][][] 
 []


Overfull \hbox (695.6444pt too wide) in paragraph at lines 699--700
[][][][][][][][][][][][] 
 []


Overfull \hbox (498.24474pt too wide) in paragraph at lines 700--701
[][][][][][][][][][][][][][][][][][][][][] 
 []


Overfull \hbox (709.74437pt too wide) in paragraph at lines 701--702
[][][][][][][][][][][][][] 
 []


Overfull \hbox (822.54417pt too wide) in paragraph at lines 702--703
[][][][][][][][][][][][][] 
 []


Overfull \hbox (787.29424pt too wide) in paragraph at lines 703--704
[][][][][][][][][][][][][][] 
 []


Overfull \hbox (491.19475pt too wide) in paragraph at lines 704--705
[][][][][][][][][][][][][] 
 []


Overfull \hbox (716.79436pt too wide) in paragraph at lines 705--706
[][][][][][][][][][][][] 
 []


Overfull \hbox (540.54466pt too wide) in paragraph at lines 706--707
[][][][][][][][][][][][][][][][][][] 
 []


Overfull \hbox (582.84459pt too wide) in paragraph at lines 707--708
[][][][][][][][][][][][][][][][][][] 
 []


Overfull \hbox (942.39397pt too wide) in paragraph at lines 708--709
[][][][][][][][][][][][][] 
 []


Overfull \hbox (914.19402pt too wide) in paragraph at lines 709--710
[][][][][][][][][][][][][][] 
 []


Overfull \hbox (568.74461pt too wide) in paragraph at lines 710--711
[][][][][][][][][][][][][] 
 []


Overfull \hbox (864.8441pt too wide) in paragraph at lines 711--712
[][][][][][][][][][][][] 
 []


Overfull \hbox (935.34398pt too wide) in paragraph at lines 712--713
[][][][][][][][][][][][][] 
 []


Overfull \hbox (561.69463pt too wide) in paragraph at lines 713--714
[][][][][][][][][][][][][] 
 []


Overfull \hbox (773.19426pt too wide) in paragraph at lines 714--715
[][][][][][][][][][][][] 
 []


Overfull \hbox (709.74437pt too wide) in paragraph at lines 715--716
[][][][][][][][][][][][][] 
 []


Overfull \hbox (815.49419pt too wide) in paragraph at lines 716--717
[][][][][][][][][][][][][] 
 []


Overfull \hbox (766.14427pt too wide) in paragraph at lines 717--718
[][][][][][][][][][][][][][][][][][] 
 []


Overfull \hbox (364.29497pt too wide) in paragraph at lines 718--719
[][][][][][][][][][][][][][][][][][] 
 []


Overfull \hbox (540.54466pt too wide) in paragraph at lines 719--720
[][][][][][][][][][][][][] 
 []


Overfull \hbox (857.79411pt too wide) in paragraph at lines 720--721
[][][][][][][][][][][][][] 
 []


Overfull \hbox (808.4442pt too wide) in paragraph at lines 721--722
[][][][][][][][][][][][][][] 
 []


Overfull \hbox (505.29472pt too wide) in paragraph at lines 722--723
[][][][][][][][][][][][][] 
 []


Overfull \hbox (737.94432pt too wide) in paragraph at lines 723--724
[][][][][][][][][][][][] 
 []


Overfull \hbox (526.44469pt too wide) in paragraph at lines 724--725
[][][][][][][][][][][][][][][][][][][][][] 
 []


Overfull \hbox (752.0443pt too wide) in paragraph at lines 725--726
[][][][][][][][][][][][][] 
 []


Overfull \hbox (864.8441pt too wide) in paragraph at lines 726--727
[][][][][][][][][][][][][] 
 []


Overfull \hbox (829.59416pt too wide) in paragraph at lines 727--728
[][][][][][][][][][][][][][] 
 []


Overfull \hbox (519.3947pt too wide) in paragraph at lines 728--729
[][][][][][][][][][][][][] 
 []


Overfull \hbox (759.09428pt too wide) in paragraph at lines 729--730
[][][][][][][][][][][][] 
 []


Overfull \hbox (568.74461pt too wide) in paragraph at lines 730--731
[][][][][][][][][][][][][][][][][][] 
 []


Overfull \hbox (611.04454pt too wide) in paragraph at lines 731--732
[][][][][][][][][][][][][][][][][][] 
 []


Overfull \hbox (984.6939pt too wide) in paragraph at lines 732--733
[][][][][][][][][][][][][] 
 []


Overfull \hbox (956.49394pt too wide) in paragraph at lines 733--734
[][][][][][][][][][][][][][] 
 []


Overfull \hbox (596.94456pt too wide) in paragraph at lines 734--735
[][][][][][][][][][][][][] 
 []


Package fancyhdr Warning: \headheight is too small (12.0pt): 
(fancyhdr)                Make it at least 14.49998pt, for example:
(fancyhdr)                \setlength{\headheight}{14.49998pt}.
(fancyhdr)                You might also make \topmargin smaller to compensate:
(fancyhdr)                \addtolength{\topmargin}{-2.49998pt}.

[22]
Overfull \hbox (907.14403pt too wide) in paragraph at lines 735--736
[][][][][][][][][][][][] 
 []


Overfull \hbox (977.6439pt too wide) in paragraph at lines 736--737
[][][][][][][][][][][][][] 
 []


Overfull \hbox (589.89458pt too wide) in paragraph at lines 737--738
[][][][][][][][][][][][][] 
 []


Overfull \hbox (815.49419pt too wide) in paragraph at lines 738--739
[][][][][][][][][][][][] 
 []


Overfull \hbox (752.0443pt too wide) in paragraph at lines 739--740
[][][][][][][][][][][][][] 
 []


Overfull \hbox (857.79411pt too wide) in paragraph at lines 740--741
[][][][][][][][][][][][][] 
 []


Overfull \hbox (801.39421pt too wide) in paragraph at lines 741--742
[][][][][][][][][][][][][] 
 []


Overfull \hbox (857.79411pt too wide) in paragraph at lines 742--743
[][][][][][][][][][][][][] 
 []


Overfull \hbox (808.4442pt too wide) in paragraph at lines 743--744
[][][][][][][][][][][][][][] 
 []


Overfull \hbox (505.29472pt too wide) in paragraph at lines 744--745
[][][][][][][][][][][][][] 
 []


Overfull \hbox (737.94432pt too wide) in paragraph at lines 745--746
[][][][][][][][][][][][] 
 []


Overfull \hbox (526.44469pt too wide) in paragraph at lines 746--747
[][][][][][][][][][][][][][][][][][][][][] 
 []


Overfull \hbox (752.0443pt too wide) in paragraph at lines 747--748
[][][][][][][][][][][][][] 
 []


Overfull \hbox (864.8441pt too wide) in paragraph at lines 748--749
[][][][][][][][][][][][][] 
 []


Overfull \hbox (829.59416pt too wide) in paragraph at lines 749--750
[][][][][][][][][][][][][][] 
 []


Overfull \hbox (519.3947pt too wide) in paragraph at lines 750--751
[][][][][][][][][][][][][] 
 []


Overfull \hbox (759.09428pt too wide) in paragraph at lines 751--752
[][][][][][][][][][][][] 
 []


Overfull \hbox (568.74461pt too wide) in paragraph at lines 752--753
[][][][][][][][][][][][][][][][][][] 
 []


Overfull \hbox (611.04454pt too wide) in paragraph at lines 753--754
[][][][][][][][][][][][][][][][][][] 
 []


Overfull \hbox (984.6939pt too wide) in paragraph at lines 754--755
[][][][][][][][][][][][][] 
 []


Overfull \hbox (956.49394pt too wide) in paragraph at lines 755--756
[][][][][][][][][][][][][][] 
 []


Overfull \hbox (596.94456pt too wide) in paragraph at lines 756--757
[][][][][][][][][][][][][] 
 []


Overfull \hbox (907.14403pt too wide) in paragraph at lines 757--758
[][][][][][][][][][][][] 
 []


Overfull \hbox (977.6439pt too wide) in paragraph at lines 758--759
[][][][][][][][][][][][][] 
 []


Overfull \hbox (589.89458pt too wide) in paragraph at lines 759--760
[][][][][][][][][][][][][] 
 []


Overfull \hbox (815.49419pt too wide) in paragraph at lines 760--761
[][][][][][][][][][][][] 
 []


Overfull \hbox (752.0443pt too wide) in paragraph at lines 761--762
[][][][][][][][][][][][][] 
 []


Overfull \hbox (857.79411pt too wide) in paragraph at lines 762--763
[][][][][][][][][][][][][] 
 []


Overfull \hbox (900.09404pt too wide) in paragraph at lines 763--764
[][][][][][][][][][][][][][][][][][] 
 []


Overfull \hbox (709.74437pt too wide) in paragraph at lines 764--765
[][][][][][][][][][][][][] 
 []


Overfull \hbox (857.79411pt too wide) in paragraph at lines 765--766
[][][][][][][][][][][][][] 
 []


Overfull \hbox (808.4442pt too wide) in paragraph at lines 766--767
[][][][][][][][][][][][][][] 
 []


Overfull \hbox (505.29472pt too wide) in paragraph at lines 767--768
[][][][][][][][][][][][][] 
 []


Overfull \hbox (737.94432pt too wide) in paragraph at lines 768--769
[][][][][][][][][][][][] 
 []


Overfull \hbox (526.44469pt too wide) in paragraph at lines 769--770
[][][][][][][][][][][][][][][][][][][][][] 
 []


Overfull \hbox (752.0443pt too wide) in paragraph at lines 770--771
[][][][][][][][][][][][][] 
 []


Overfull \hbox (864.8441pt too wide) in paragraph at lines 771--772
[][][][][][][][][][][][][] 
 []


Overfull \hbox (829.59416pt too wide) in paragraph at lines 772--773
[][][][][][][][][][][][][][] 
 []


Overfull \hbox (519.3947pt too wide) in paragraph at lines 773--774
[][][][][][][][][][][][][] 
 []


Overfull \hbox (759.09428pt too wide) in paragraph at lines 774--775
[][][][][][][][][][][][] 
 []


Overfull \hbox (568.74461pt too wide) in paragraph at lines 775--776
[][][][][][][][][][][][][][][][][][] 
 []


Overfull \hbox (611.04454pt too wide) in paragraph at lines 776--777
[][][][][][][][][][][][][][][][][][] 
 []


Overfull \hbox (984.6939pt too wide) in paragraph at lines 777--778
[][][][][][][][][][][][][] 
 []


Overfull \hbox (956.49394pt too wide) in paragraph at lines 778--779
[][][][][][][][][][][][][][] 
 []


Overfull \hbox (596.94456pt too wide) in paragraph at lines 779--780
[][][][][][][][][][][][][] 
 []


Overfull \hbox (907.14403pt too wide) in paragraph at lines 780--781
[][][][][][][][][][][][] 
 []


Overfull \hbox (977.6439pt too wide) in paragraph at lines 781--782
[][][][][][][][][][][][][] 
 []


Overfull \hbox (589.89458pt too wide) in paragraph at lines 782--783
[][][][][][][][][][][][][] 
 []


Overfull \hbox (815.49419pt too wide) in paragraph at lines 783--784
[][][][][][][][][][][][] 
 []


Overfull \hbox (752.0443pt too wide) in paragraph at lines 784--785
[][][][][][][][][][][][][] 
 []


Package fancyhdr Warning: \headheight is too small (12.0pt): 
(fancyhdr)                Make it at least 14.49998pt, for example:
(fancyhdr)                \setlength{\headheight}{14.49998pt}.
(fancyhdr)                You might also make \topmargin smaller to compensate:
(fancyhdr)                \addtolength{\topmargin}{-2.49998pt}.

[23]
Overfull \hbox (857.79411pt too wide) in paragraph at lines 785--786
[][][][][][][][][][][][][] 
 []


Overfull \hbox (808.4442pt too wide) in paragraph at lines 786--787
[][][][][][][][][][][][][][][][][][] 
 []


Overfull \hbox (378.39494pt too wide) in paragraph at lines 787--788
[][][][][][][][][][][][][][][][][][] 
 []


Overfull \hbox (540.54466pt too wide) in paragraph at lines 788--789
[][][][][][][][][][][][][] 
 []


Overfull \hbox (857.79411pt too wide) in paragraph at lines 789--790
[][][][][][][][][][][][][] 
 []


Overfull \hbox (808.4442pt too wide) in paragraph at lines 790--791
[][][][][][][][][][][][][][] 
 []


Overfull \hbox (505.29472pt too wide) in paragraph at lines 791--792
[][][][][][][][][][][][][] 
 []


Overfull \hbox (737.94432pt too wide) in paragraph at lines 792--793
[][][][][][][][][][][][] 
 []


Overfull \hbox (526.44469pt too wide) in paragraph at lines 793--794
[][][][][][][][][][][][][][][][][][][][][] 
 []


Overfull \hbox (752.0443pt too wide) in paragraph at lines 794--795
[][][][][][][][][][][][][] 
 []


Overfull \hbox (864.8441pt too wide) in paragraph at lines 795--796
[][][][][][][][][][][][][] 
 []


Overfull \hbox (829.59416pt too wide) in paragraph at lines 796--797
[][][][][][][][][][][][][][] 
 []


Overfull \hbox (519.3947pt too wide) in paragraph at lines 797--798
[][][][][][][][][][][][][] 
 []


Overfull \hbox (759.09428pt too wide) in paragraph at lines 798--799
[][][][][][][][][][][][] 
 []


Overfull \hbox (568.74461pt too wide) in paragraph at lines 799--800
[][][][][][][][][][][][][][][][][][] 
 []


Overfull \hbox (611.04454pt too wide) in paragraph at lines 800--801
[][][][][][][][][][][][][][][][][][] 
 []


Overfull \hbox (984.6939pt too wide) in paragraph at lines 801--802
[][][][][][][][][][][][][] 
 []


Overfull \hbox (956.49394pt too wide) in paragraph at lines 802--803
[][][][][][][][][][][][][][] 
 []


Overfull \hbox (596.94456pt too wide) in paragraph at lines 803--804
[][][][][][][][][][][][][] 
 []


Overfull \hbox (907.14403pt too wide) in paragraph at lines 804--805
[][][][][][][][][][][][] 
 []


Overfull \hbox (977.6439pt too wide) in paragraph at lines 805--806
[][][][][][][][][][][][][] 
 []


Overfull \hbox (589.89458pt too wide) in paragraph at lines 806--807
[][][][][][][][][][][][][] 
 []


Overfull \hbox (815.49419pt too wide) in paragraph at lines 807--808
[][][][][][][][][][][][] 
 []


Overfull \hbox (752.0443pt too wide) in paragraph at lines 808--809
[][][][][][][][][][][][][] 
 []


Overfull \hbox (857.79411pt too wide) in paragraph at lines 809--810
[][][][][][][][][][][][][] 
 []


Overfull \hbox (801.39421pt too wide) in paragraph at lines 810--811
[][][][][][][][][][][][][] 
 []


Overfull \hbox (857.79411pt too wide) in paragraph at lines 811--812
[][][][][][][][][][][][][] 
 []


Overfull \hbox (808.4442pt too wide) in paragraph at lines 812--813
[][][][][][][][][][][][][][] 
 []


Overfull \hbox (505.29472pt too wide) in paragraph at lines 813--814
[][][][][][][][][][][][][] 
 []


Overfull \hbox (737.94432pt too wide) in paragraph at lines 814--815
[][][][][][][][][][][][] 
 []


Overfull \hbox (526.44469pt too wide) in paragraph at lines 815--816
[][][][][][][][][][][][][][][][][][][][][] 
 []


Overfull \hbox (752.0443pt too wide) in paragraph at lines 816--817
[][][][][][][][][][][][][] 
 []


Overfull \hbox (864.8441pt too wide) in paragraph at lines 817--818
[][][][][][][][][][][][][] 
 []


Overfull \hbox (829.59416pt too wide) in paragraph at lines 818--819
[][][][][][][][][][][][][][] 
 []


Overfull \hbox (519.3947pt too wide) in paragraph at lines 819--820
[][][][][][][][][][][][][] 
 []


Overfull \hbox (759.09428pt too wide) in paragraph at lines 820--821
[][][][][][][][][][][][] 
 []


Overfull \hbox (568.74461pt too wide) in paragraph at lines 821--822
[][][][][][][][][][][][][][][][][][] 
 []


Overfull \hbox (611.04454pt too wide) in paragraph at lines 822--823
[][][][][][][][][][][][][][][][][][] 
 []


Overfull \hbox (984.6939pt too wide) in paragraph at lines 823--824
[][][][][][][][][][][][][] 
 []


Overfull \hbox (956.49394pt too wide) in paragraph at lines 824--825
[][][][][][][][][][][][][][] 
 []


Overfull \hbox (596.94456pt too wide) in paragraph at lines 825--826
[][][][][][][][][][][][][] 
 []


Overfull \hbox (907.14403pt too wide) in paragraph at lines 826--827
[][][][][][][][][][][][] 
 []


Overfull \hbox (977.6439pt too wide) in paragraph at lines 827--828
[][][][][][][][][][][][][] 
 []


Overfull \hbox (589.89458pt too wide) in paragraph at lines 828--829
[][][][][][][][][][][][][] 
 []


Overfull \hbox (815.49419pt too wide) in paragraph at lines 829--830
[][][][][][][][][][][][] 
 []


Overfull \hbox (752.0443pt too wide) in paragraph at lines 830--831
[][][][][][][][][][][][][] 
 []


Overfull \hbox (857.79411pt too wide) in paragraph at lines 831--832
[][][][][][][][][][][][][] 
 []


Overfull \hbox (900.09404pt too wide) in paragraph at lines 832--833
[][][][][][][][][][][][][][][][][][] 
 []


Overfull \hbox (709.74437pt too wide) in paragraph at lines 833--834
[][][][][][][][][][][][][] 
 []


Overfull \hbox (857.79411pt too wide) in paragraph at lines 834--835
[][][][][][][][][][][][][] 
 []


Package fancyhdr Warning: \headheight is too small (12.0pt): 
(fancyhdr)                Make it at least 14.49998pt, for example:
(fancyhdr)                \setlength{\headheight}{14.49998pt}.
(fancyhdr)                You might also make \topmargin smaller to compensate:
(fancyhdr)                \addtolength{\topmargin}{-2.49998pt}.

[24]
Overfull \hbox (808.4442pt too wide) in paragraph at lines 835--836
[][][][][][][][][][][][][][] 
 []


Overfull \hbox (505.29472pt too wide) in paragraph at lines 836--837
[][][][][][][][][][][][][] 
 []


Overfull \hbox (737.94432pt too wide) in paragraph at lines 837--838
[][][][][][][][][][][][] 
 []


Overfull \hbox (526.44469pt too wide) in paragraph at lines 838--839
[][][][][][][][][][][][][][][][][][][][][] 
 []


Overfull \hbox (752.0443pt too wide) in paragraph at lines 839--840
[][][][][][][][][][][][][] 
 []


Overfull \hbox (864.8441pt too wide) in paragraph at lines 840--841
[][][][][][][][][][][][][] 
 []


Overfull \hbox (829.59416pt too wide) in paragraph at lines 841--842
[][][][][][][][][][][][][][] 
 []


Overfull \hbox (519.3947pt too wide) in paragraph at lines 842--843
[][][][][][][][][][][][][] 
 []


Overfull \hbox (759.09428pt too wide) in paragraph at lines 843--844
[][][][][][][][][][][][] 
 []


Overfull \hbox (568.74461pt too wide) in paragraph at lines 844--845
[][][][][][][][][][][][][][][][][][] 
 []


Overfull \hbox (611.04454pt too wide) in paragraph at lines 845--846
[][][][][][][][][][][][][][][][][][] 
 []


Overfull \hbox (984.6939pt too wide) in paragraph at lines 846--847
[][][][][][][][][][][][][] 
 []


Overfull \hbox (956.49394pt too wide) in paragraph at lines 847--848
[][][][][][][][][][][][][][] 
 []


Overfull \hbox (596.94456pt too wide) in paragraph at lines 848--849
[][][][][][][][][][][][][] 
 []


Overfull \hbox (907.14403pt too wide) in paragraph at lines 849--850
[][][][][][][][][][][][] 
 []


Overfull \hbox (977.6439pt too wide) in paragraph at lines 850--851
[][][][][][][][][][][][][] 
 []


Overfull \hbox (589.89458pt too wide) in paragraph at lines 851--852
[][][][][][][][][][][][][] 
 []


Overfull \hbox (815.49419pt too wide) in paragraph at lines 852--853
[][][][][][][][][][][][] 
 []


Overfull \hbox (752.0443pt too wide) in paragraph at lines 853--854
[][][][][][][][][][][][][] 
 []


Overfull \hbox (857.79411pt too wide) in paragraph at lines 854--855
[][][][][][][][][][][][][] 
 []


Overfull \hbox (808.4442pt too wide) in paragraph at lines 855--856
[][][][][][][][][][][][][][][][][][] 
 []


Overfull \hbox (498.24474pt too wide) in paragraph at lines 856--857
[][][][][][][][][][][][][] 
 []


Overfull \hbox (470.04478pt too wide) in paragraph at lines 857--858
[][][][][][][][][][][][][][][][][][][][][] 
 []


Overfull \hbox (399.5449pt too wide) in paragraph at lines 858--859
[][][][][][][][][][][][][][][][][][][][][] 
 []


Overfull \hbox (399.5449pt too wide) in paragraph at lines 859--861
[][][][][][][][][][][][][][][][][][][][][] 
 []


Overfull \hbox (237.39519pt too wide) in paragraph at lines 875--876
[][][][][][][][][][][][][][][][][][][][][][][][][][][] 
 []


Overfull \hbox (25.89555pt too wide) in paragraph at lines 880--881
[][][][][][][][][][][][][][] 
 []


Package fancyhdr Warning: \headheight is too small (12.0pt): 
(fancyhdr)                Make it at least 14.49998pt, for example:
(fancyhdr)                \setlength{\headheight}{14.49998pt}.
(fancyhdr)                You might also make \topmargin smaller to compensate:
(fancyhdr)                \addtolength{\topmargin}{-2.49998pt}.

[25]
LaTeX Font Info:    Trying to load font information for OMS+cmr on input line 883.
 (/usr/share/texmf-dist/tex/latex/base/omscmr.fd
File: omscmr.fd 2019/12/16 v2.5j Standard LaTeX font definitions
)
LaTeX Font Info:    Font shape `OMS/cmr/m/n' in size <12> not available
(Font)              Font shape `OMS/cmsy/m/n' tried instead on input line 883.

Overfull \hbox (1435.89311pt too wide) in paragraph at lines 883--885
[][][][][][][][][][][][][][][][][][][][][][][][][][][][][][][][][][][][][][][][][][][][][][][][][][][][][][][][][][][][][][][][][][][][][][] 
 []


Overfull \hbox (18.84557pt too wide) in paragraph at lines 887--888
[][][][][][][][][][][][][][][][] 
 []


Overfull \hbox (47.04552pt too wide) in paragraph at lines 889--890
[][][][][][][][][][][][][][][][][][] 
 []


Overfull \hbox (357.24498pt too wide) in paragraph at lines 891--892
[][][][][][][][][][][][][][][][][][][][][][][][][][][][][][][][][] 
 []


Overfull \hbox (470.04478pt too wide) in paragraph at lines 902--903
[][][][][][][][][][][][][][][][][][][][][][][][][][][][][][][][][] 
 []


Overfull \hbox (484.14476pt too wide) in paragraph at lines 910--911
[][][][][][][][][][][][][][][][][][][][][][][][][][][][][][][][] 
 []


Overfull \hbox (491.19475pt too wide) in paragraph at lines 912--913
[][][][][][][] 
 []


Overfull \hbox (864.8441pt too wide) in paragraph at lines 913--914
[][][][][][][][][][][][][][][][][][][][][][][][][][][][][][][][][][][][][][][][][][][][][][][][][][][][][][][][][][][][][] 
 []


Overfull \hbox (491.19475pt too wide) in paragraph at lines 914--915
[][][][][][][] 
 []


Overfull \hbox (265.59514pt too wide) in paragraph at lines 916--917
[][][][][][][][][][][][][][][][][][][][][][][][][][][] 
 []


Overfull \hbox (11.79558pt too wide) in paragraph at lines 918--919
[][][][][][][][][][][][][] 
 []


Overfull \hbox (533.49467pt too wide) in paragraph at lines 921--923
[][][][][][][][][][][][][][][][][][][][][][][][][][][][][][][][][][][][][][][][][][][][][][][][][][][][][][][][][] 
 []


Package fancyhdr Warning: \headheight is too small (12.0pt): 
(fancyhdr)                Make it at least 14.49998pt, for example:
(fancyhdr)                \setlength{\headheight}{14.49998pt}.
(fancyhdr)                You might also make \topmargin smaller to compensate:
(fancyhdr)                \addtolength{\topmargin}{-2.49998pt}.

[26]
Overfull \hbox (159.84532pt too wide) in paragraph at lines 937--938
[][][][][][][][][][][][][][][][][] 
 []


Overfull \hbox (117.5454pt too wide) in paragraph at lines 939--940
[][][][][][][][][][][][][][][][][][][][] 
 []


Overfull \hbox (124.59538pt too wide) in paragraph at lines 941--943
[][][][][][][][][][][][][][][][][][][][] 
 []


Overfull \hbox (68.19548pt too wide) in paragraph at lines 949--951
[][][][][][][][][][][][][][][] 
 []


Overfull \hbox (68.19548pt too wide) in paragraph at lines 956--957
[][][][][][][][][][][][][][][][][][][][] 
 []


Overfull \hbox (434.79485pt too wide) in paragraph at lines 975--976
[][][][][][][] 
 []


Package fancyhdr Warning: \headheight is too small (12.0pt): 
(fancyhdr)                Make it at least 14.49998pt, for example:
(fancyhdr)                \setlength{\headheight}{14.49998pt}.
(fancyhdr)                You might also make \topmargin smaller to compensate:
(fancyhdr)                \addtolength{\topmargin}{-2.49998pt}.

[27]
Overfull \hbox (4.74559pt too wide) in paragraph at lines 988--990
[][][][][][][][][][][][][][][][][][][][] 
 []


Overfull \hbox (427.74486pt too wide) in paragraph at lines 991--992
[][][][][][][][][][][][][][][][][][][][][][][][] 
 []


Overfull \hbox (202.14525pt too wide) in paragraph at lines 995--997
[][][][][][][][][][][][][][][][][][][][][] 
 []


Overfull \hbox (117.5454pt too wide) in paragraph at lines 1004--1005
[][][][][][][][][][][][][][][][][][][][][][][][][][] 
 []


Overfull \hbox (434.79485pt too wide) in paragraph at lines 1005--1007
[][][][][][][] 
 []


Overfull \hbox (39.99553pt too wide) in paragraph at lines 1009--1010
[][][][][][][][][][][][][][][][][][][][] 
 []


Overfull \hbox (258.54515pt too wide) in paragraph at lines 1028--1030
[][][][][][][][][][][][][][][][][][][][] 
 []


Package fancyhdr Warning: \headheight is too small (12.0pt): 
(fancyhdr)                Make it at least 14.49998pt, for example:
(fancyhdr)                \setlength{\headheight}{14.49998pt}.
(fancyhdr)                You might also make \topmargin smaller to compensate:
(fancyhdr)                \addtolength{\topmargin}{-2.49998pt}.

[28]
Overfull \hbox (434.79485pt too wide) in paragraph at lines 1031--1032
[][][][][][][] 
 []


Overfull \hbox (195.09526pt too wide) in paragraph at lines 1032--1033
[][][][][][][][][][][][][][][][][][][][][][][][][][][][][][][][] 
 []


Overfull \hbox (434.79485pt too wide) in paragraph at lines 1033--1035
[][][][][][][] 
 []


Overfull \hbox (39.99553pt too wide) in paragraph at lines 1037--1038
[][][][][][][][][][][][][][][][][][][][] 
 []


Overfull \hbox (82.29546pt too wide) in paragraph at lines 1043--1044
[][][][][][][][][][][][][][][][][][][][][][][][][][] 
 []


Overfull \hbox (89.34544pt too wide) in paragraph at lines 1044--1046
[][][][][][][][][][][][][][][][][][][][][][][][][][] 
 []


Overfull \hbox (4.74559pt too wide) in paragraph at lines 1052--1053
[][][][][][][][][][][][][] 
 []


Overfull \hbox (39.99553pt too wide) in paragraph at lines 1053--1054
[][][][][][][][][][][][][][][][][][][] 
 []


Overfull \hbox (75.24547pt too wide) in paragraph at lines 1054--1055
[][][][][][][][][][][][][][][][][][] 
 []


Overfull \hbox (462.9948pt too wide) in paragraph at lines 1056--1057
[][][][][][][] 
 []


Overfull \hbox (336.09502pt too wide) in paragraph at lines 1057--1058
[][][][][][][][][][][][][][][][][][][][][][][][][][][][][][][][][][][][] 
 []


Overfull \hbox (462.9948pt too wide) in paragraph at lines 1058--1059
[][][][][][][] 
 []


Overfull \hbox (434.79485pt too wide) in paragraph at lines 1065--1066
[][][][][][][] 
 []


Overfull \hbox (39.99553pt too wide) in paragraph at lines 1069--1070
[][][][][][][][][][][][][][][][][][][][][][][][][][] 
 []


Overfull \hbox (434.79485pt too wide) in paragraph at lines 1073--1075
[][][][][][][][][][][][][][][][][][][][][][][][][][][][][][][][][][][][][][][][][][][][][] 
 []


Overfull \hbox (4.74559pt too wide) in paragraph at lines 1079--1081
[][][][][][][][][][][][][][][][][][][][] 
 []


Package fancyhdr Warning: \headheight is too small (12.0pt): 
(fancyhdr)                Make it at least 14.49998pt, for example:
(fancyhdr)                \setlength{\headheight}{14.49998pt}.
(fancyhdr)                You might also make \topmargin smaller to compensate:
(fancyhdr)                \addtolength{\topmargin}{-2.49998pt}.

[29]
Overfull \hbox (519.3947pt too wide) in paragraph at lines 1082--1083
[][][][][][][][][][][][][][][][][][][][][][][][][][][][][][][][][] 
 []


Overfull \hbox (1337.19328pt too wide) in paragraph at lines 1087--1088
[][][][][][][][][][][][][][][][][][][][][][][][][][][][][][][][][][][][][][][][][][][][][][][][][][][][][][][][][][][][][][][][][][][][][][][][][][][][][][][][][][][][][][][][][] 
 []


Overfull \hbox (554.64464pt too wide) in paragraph at lines 1092--1093
[][][][][][][][][][][][][][][][][][][][][][][][][][][][][][][][][][][][][][][][][][][][][][][][][][][] 
 []


Overfull \hbox (434.79485pt too wide) in paragraph at lines 1093--1095
[][][][][][][] 
 []


Overfull \hbox (47.04552pt too wide) in paragraph at lines 1097--1098
[][][][][][][][][][][][][][][][][][][][][][][] 
 []


Overfull \hbox (89.34544pt too wide) in paragraph at lines 1104--1106
[][][][][][][][][][][][][][][][][][][][] 
 []


Overfull \hbox (159.84532pt too wide) in paragraph at lines 1108--1110
[][][][][][][][][][][][][][][][][][][][][][][] 
 []


Overfull \hbox (159.84532pt too wide) in paragraph at lines 1112--1114
[][][][][][][][][][][][][][][][][][][][][][][] 
 []

LaTeX Font Info:    Trying to load font information for OML+cmr on input line 1125.
(/usr/share/texmf-dist/tex/latex/base/omlcmr.fd
File: omlcmr.fd 2019/12/16 v2.5j Standard LaTeX font definitions
)
LaTeX Font Info:    Font shape `OML/cmr/m/n' in size <12> not available
(Font)              Font shape `OML/cmm/m/it' tried instead on input line 1125.

Overfull \hbox (124.59538pt too wide) in paragraph at lines 1125--1127
[][][][][][][][][][][][][][][][][][][][] 
 []


Overfull \hbox (730.89433pt too wide) in paragraph at lines 1130--1131
[][][][][][][][][][][][][][][][][][][][][][][][][][][][][][][][][][][][] 
 []


Package fancyhdr Warning: \headheight is too small (12.0pt): 
(fancyhdr)                Make it at least 14.49998pt, for example:
(fancyhdr)                \setlength{\headheight}{14.49998pt}.
(fancyhdr)                You might also make \topmargin smaller to compensate:
(fancyhdr)                \addtolength{\topmargin}{-2.49998pt}.

[30]
Overfull \hbox (716.79436pt too wide) in paragraph at lines 1131--1133
[][][][][][][][][][][][][][][][][][][][][][][][][][][][][][][][][][][][] 
 []


Overfull \hbox (47.04552pt too wide) in paragraph at lines 1134--1136
[][][][][][][][][][][][][][][][][][][][][] 
 []


Overfull \hbox (47.04552pt too wide) in paragraph at lines 1146--1147
[][][][][][][][][][][][][][][][][][] 
 []


Overfull \hbox (124.59538pt too wide) in paragraph at lines 1147--1149
[][][][][][][][][][][][][][][][][][][][] 
 []


Overfull \hbox (1132.74364pt too wide) in paragraph at lines 1151--1153
[][][][][][][][][][][][][][][][][][][][][][][][][][][][][][][][][][][][][][][][][][][][][][][][][][][][][][][][][][][][][][][][][][][][][][][][] 
 []


Overfull \hbox (787.29424pt too wide) in paragraph at lines 1162--1163
[][][][][][][][][][][][][][][][][][][][][][][][][][][][][][][][][][][][] 
 []


Overfull \hbox (773.19426pt too wide) in paragraph at lines 1163--1164
[][][][][][][][][][][][][][][][][][][][][][][][][][][][][][][][][][][][] 
 []


Overfull \hbox (11.79558pt too wide) in paragraph at lines 1173--1174
[][][][][][][][][][][][][][][][][] 
 []


Overfull \hbox (4.74559pt too wide) in paragraph at lines 1178--1180
[][][][][][][][][][][][][][] 
 []


Package fancyhdr Warning: \headheight is too small (12.0pt): 
(fancyhdr)                Make it at least 14.49998pt, for example:
(fancyhdr)                \setlength{\headheight}{14.49998pt}.
(fancyhdr)                You might also make \topmargin smaller to compensate:
(fancyhdr)                \addtolength{\topmargin}{-2.49998pt}.

[31]
Overfull \hbox (4.74559pt too wide) in paragraph at lines 1182--1184
[][][][][][][][][][][][][][] 
 []


Overfull \hbox (526.44469pt too wide) in paragraph at lines 1191--1192
[][][][][][][][][][][][][][][][][][][][][][][][][][][][][][][][][][][][][][][][] 
 []


Overfull \hbox (258.54515pt too wide) in paragraph at lines 1194--1195
[][][][][][][][][][][][][][][][][][][][][][][][][][][][][][][][][][][][][][] 
 []


Overfull \hbox (68.19548pt too wide) in paragraph at lines 1201--1202
[][][][][][][][][][][][][][][][][] 
 []


Overfull \hbox (180.99529pt too wide) in paragraph at lines 1209--1210
[][][][][][][][][][][][][][][][][][][][][][][] 
 []


Overfull \hbox (336.09502pt too wide) in paragraph at lines 1217--1218
[][][][][][][][][][][][][][][][][][][][][][][][][][][][][][][][][][][][][][][][][][] 
 []


Overfull \hbox (462.9948pt too wide) in paragraph at lines 1218--1219
[][][][][][][] 
 []


Overfull \hbox (596.94456pt too wide) in paragraph at lines 1219--1220
[][][][][][][][][][][][][][][][][][][][][][][][][][][][][][][][][][][][][][][][][][][] 
 []


Overfull \hbox (462.9948pt too wide) in paragraph at lines 1220--1221
[][][][][][][] 
 []


Overfull \hbox (1407.69316pt too wide) in paragraph at lines 1222--1223
[][][][][][][][][][][][][][][][][][][][][][][][][][][][][][][][][][][][][][][][][][][][][][][][][][][][][][][][][][][][][][][][][][][][][][][][][][] 
 []


Overfull \hbox (462.9948pt too wide) in paragraph at lines 1223--1224
[][][][][][][] 
 []


Overfull \hbox (667.44444pt too wide) in paragraph at lines 1224--1225
[][][][][][][][][][][][][][][][][][][][][][][][][][][][][][][][][][][][][][][][][][][][][][][][][][][][][][][][][][][] 
 []


Overfull \hbox (462.9948pt too wide) in paragraph at lines 1225--1226
[][][][][][][] 
 []


Overfull \hbox (195.09526pt too wide) in paragraph at lines 1230--1231
[][][][][][][][][][][][][][][][][][][][][][][][] 
 []


Package fancyhdr Warning: \headheight is too small (12.0pt): 
(fancyhdr)                Make it at least 14.49998pt, for example:
(fancyhdr)                \setlength{\headheight}{14.49998pt}.
(fancyhdr)                You might also make \topmargin smaller to compensate:
(fancyhdr)                \addtolength{\topmargin}{-2.49998pt}.

[32]
Overfull \hbox (39.99553pt too wide) in paragraph at lines 1231--1232
[][][][][][][][][][][][][][][][][][][][][] 
 []


Overfull \hbox (25.89555pt too wide) in paragraph at lines 1232--1233
[][][][][][][][][][][][][][][][][] 
 []


Overfull \hbox (138.69536pt too wide) in paragraph at lines 1237--1239
[][][][][][][][][][][][][][][][][][][][][][][][][][] 
 []


Overfull \hbox (47.04552pt too wide) in paragraph at lines 1249--1250
[][][][][][][][][][][][][][][][][][][][] 
 []


Overfull \hbox (216.24522pt too wide) in paragraph at lines 1251--1253
[][][][][][][][][][][][][][][][][][][][][][][][][][][][][][][] 
 []


Overfull \hbox (462.9948pt too wide) in paragraph at lines 1255--1256
[][][][][][][] 
 []


Overfull \hbox (103.44542pt too wide) in paragraph at lines 1256--1257
[][][][][][][][][][][][][][][][][][][][][][][][][] 
 []


Overfull \hbox (462.9948pt too wide) in paragraph at lines 1257--1258
[][][][][][][] 
 []


Overfull \hbox (540.54466pt too wide) in paragraph at lines 1258--1260
[][][][][][][][][][][][][][][][][][][][][][][][][][][][][][][][][][] 
 []


Overfull \hbox (188.04527pt too wide) in paragraph at lines 1261--1262
[][][][][][][][][][][][][][][][][][][][][][][][][][][][][][] 
 []


Overfull \hbox (674.49443pt too wide) in paragraph at lines 1262--1264
[][][][][][][][][][][][][][][][][][][][][][][][][][][][][][][][][][][][] 
 []


Overfull \hbox (188.04527pt too wide) in paragraph at lines 1265--1266
[][][][][][][][][][][][][][][][][][][][][][][][][][][][][][] 
 []


Overfull \hbox (681.54442pt too wide) in paragraph at lines 1266--1268
[][][][][][][][][][][][][][][][][][][][][][][][][][][][][][][][][][][][] 
 []


Overfull \hbox (462.9948pt too wide) in paragraph at lines 1269--1270
[][][][][][][] 
 []


Overfull \hbox (152.79533pt too wide) in paragraph at lines 1270--1271
[][][][][][][][][][][][][][][][][][][][][][][][][][][] 
 []


Overfull \hbox (462.9948pt too wide) in paragraph at lines 1271--1273
[][][][][][][] 
 []


Overfull \hbox (103.44542pt too wide) in paragraph at lines 1280--1281
[][][][][][][][][][][][][][][][][][][][][][][][][][] 
 []


Package fancyhdr Warning: \headheight is too small (12.0pt): 
(fancyhdr)                Make it at least 14.49998pt, for example:
(fancyhdr)                \setlength{\headheight}{14.49998pt}.
(fancyhdr)                You might also make \topmargin smaller to compensate:
(fancyhdr)                \addtolength{\topmargin}{-2.49998pt}.

[33]
Overfull \hbox (68.19548pt too wide) in paragraph at lines 1282--1283
[][][][][][][][][][][][][][][][][][][][] 
 []


Overfull \hbox (462.9948pt too wide) in paragraph at lines 1284--1285
[][][][][][][] 
 []


Overfull \hbox (462.9948pt too wide) in paragraph at lines 1286--1287
[][][][][][][] 
 []


Overfull \hbox (96.39543pt too wide) in paragraph at lines 1299--1300
[][][][][][][][][][][][][][][][][][][][][][][] 
 []


Overfull \hbox (434.79485pt too wide) in paragraph at lines 1308--1309
[][][][][][][] 
 []


Overfull \hbox (2126.79192pt too wide) in paragraph at lines 1309--1310
[][][][][][][][][][][][][][][][][][][][][][][][][][][][][][][][][][][][][][][][][][][][][][][][][][][][][][][][][][][][][][][][][][][][][][][][][][][][][][][][][][][][][][][][][][][][][][][][][][][][][][][][][][][][][][][][][][][][][][][][][][][][][][][][][][][][][] 
 []


Overfull \hbox (434.79485pt too wide) in paragraph at lines 1310--1312
[][][][][][][] 
 []


Overfull \hbox (406.5949pt too wide) in paragraph at lines 1312--1313
[][][][][][][][][][][][][][][][][][][][][][][][][][][][][] 
 []


Package fancyhdr Warning: \headheight is too small (12.0pt): 
(fancyhdr)                Make it at least 14.49998pt, for example:
(fancyhdr)                \setlength{\headheight}{14.49998pt}.
(fancyhdr)                You might also make \topmargin smaller to compensate:
(fancyhdr)                \addtolength{\topmargin}{-2.49998pt}.

[34] (./miniproject_final.aux) ) 
Here is how much of TeX's memory you used:
 5114 strings out of 478238
 80555 string characters out of 5850456
 640353 words of memory out of 5000000
 23287 multiletter control sequences out of 15000+600000
 477553 words of font info for 55 fonts, out of 8000000 for 9000
 1141 hyphenation exceptions out of 8191
 70i,12n,76p,732b,1685s stack positions out of 5000i,500n,10000p,200000b,80000s
{/usr/share/texmf-dist/fonts/enc/dvips/cm-super/cm-super-ts1.enc}</usr/share/texmf-dist/fonts/type1/public/amsfonts/cm/cmbx10.pfb></usr/share/texmf-dist/fonts/type1/public/amsfonts/cm/cmbx12.pfb></usr/share/texmf-dist/fonts/type1/public/amsfonts/cm/cmbxti10.pfb></usr/share/texmf-dist/fonts/type1/public/amsfonts/cm/cmmi12.pfb></usr/share/texmf-dist/fonts/type1/public/amsfonts/cm/cmmi8.pfb></usr/share/texmf-dist/fonts/type1/public/amsfonts/cm/cmr10.pfb></usr/share/texmf-dist/fonts/type1/public/amsfonts/cm/cmr12.pfb></usr/share/texmf-dist/fonts/type1/public/amsfonts/cm/cmr17.pfb></usr/share/texmf-dist/fonts/type1/public/amsfonts/cm/cmr8.pfb></usr/share/texmf-dist/fonts/type1/public/amsfonts/cm/cmsy10.pfb></usr/share/texmf-dist/fonts/type1/public/amsfonts/cm/cmti12.pfb></usr/share/texmf-dist/fonts/type1/public/amsfonts/cm/cmtt12.pfb></usr/share/texmf-dist/fonts/type1/public/cm-super/sfbx1440.pfb></usr/share/texmf-dist/fonts/type1/public/cm-super/sfrm1200.pfb>
Output written on miniproject_final.pdf (42 pages, 1335381 bytes).
PDF statistics:
 237 PDF objects out of 1000 (max. 8388607)
 147 compressed objects within 2 object streams
 0 named destinations out of 1000 (max. 500000)
 41 words of extra memory for PDF output out of 10000 (max. 10000000)

